<?xml version="1.0" encoding="UTF-8"?>
<robot generator="Robot 6.1.1 (Python 3.10.5 on win32)" generated="20240212 15:15:29.446" rpa="false" schemaversion="4">
<suite id="s1" name="Api" source="C:\Users\yamfo\Documents\Projetos\Robot Framework\robotframework-zomba-api\src\Robot\Clients\Api.robot">
<test id="s1-t1" name="Recuperar todas as mensagens" line="14">
<kw name="Criar conexão" library="Config" type="SETUP">
<kw name="Get Enviroment Variables" library="Get_Envs">
<var>${ENVS}</var>
<msg timestamp="20240212 15:15:30.532" level="INFO">${ENVS} = {'BASE_API': 'https://jsonplaceholder.typicode.com/'}</msg>
<status status="PASS" starttime="20240212 15:15:30.531" endtime="20240212 15:15:30.532"/>
</kw>
<kw name="Set Global Variable" library="BuiltIn">
<arg>${ENVS}</arg>
<arg>${ENVS}</arg>
<doc>Makes a variable available globally in all tests and suites.</doc>
<msg timestamp="20240212 15:15:30.532" level="INFO">${ENVS} = {'BASE_API': 'https://jsonplaceholder.typicode.com/'}</msg>
<status status="PASS" starttime="20240212 15:15:30.532" endtime="20240212 15:15:30.532"/>
</kw>
<status status="PASS" starttime="20240212 15:15:30.531" endtime="20240212 15:15:30.533"/>
</kw>
<kw name="Run Keyword And Continue On Failure" library="BuiltIn">
<arg>Get all posts</arg>
<doc>Runs the keyword and continues execution even if a failure occurs.</doc>
<kw name="Get all posts" library="Posts">
<kw name="Call Get Request" library="Zoomba.APILibrary">
<var>${RESPONSE}</var>
<arg>headers=${headers}</arg>
<arg>endpoint=${ENVS['BASE_API']}</arg>
<arg>fullstring=/posts</arg>
<doc>Generate a GET Request. This Keyword is basically a wrapper for get_request from the RequestsLibrary.</doc>
<msg timestamp="20240212 15:15:30.534" level="INFO">Creating Session using : alias=getapi, url=https://jsonplaceholder.typicode.com/, headers={'Content-Type': 'application/json', 'charset': 'UTF-8'},                     cookies=None, auth=None, timeout=None, proxies=None, verify=False,                     debug=0 </msg>
<msg timestamp="20240212 15:15:30.937" level="INFO">GET Request : url=https://jsonplaceholder.typicode.com/posts 
 path_url=/posts 
 headers={'User-Agent': 'python-requests/2.31.0', 'Accept-Encoding': 'gzip, deflate', 'Accept': '*/*', 'Connection': 'keep-alive', 'Content-Type': 'application/json', 'charset': 'UTF-8'} 
 body=None 
 </msg>
<msg timestamp="20240212 15:15:30.937" level="INFO">GET Response : url=https://jsonplaceholder.typicode.com/posts 
 status=200, reason=OK 
 headers={'Date': 'Mon, 12 Feb 2024 18:15:30 GMT', 'Content-Type': 'application/json; charset=utf-8', 'Transfer-Encoding': 'chunked', 'Connection': 'keep-alive', 'Report-To': '{"group":"heroku-nel","max_age":3600,"endpoints":[{"url":"https://nel.heroku.com/reports?ts=1707714501&amp;sid=e11707d5-02a7-43ef-b45e-2cf4d2036f7d&amp;s=jkR4cYUTvL5zKzCYRdXIx9WUtdHhQDihZtzfI%2FpFcr0%3D"}]}', 'Reporting-Endpoints': 'heroku-nel=https://nel.heroku.com/reports?ts=1707714501&amp;sid=e11707d5-02a7-43ef-b45e-2cf4d2036f7d&amp;s=jkR4cYUTvL5zKzCYRdXIx9WUtdHhQDihZtzfI%2FpFcr0%3D', 'Nel': '{"report_to":"heroku-nel","max_age":3600,"success_fraction":0.005,"failure_fraction":0.05,"response_headers":["Via"]}', 'X-Powered-By': 'Express', 'X-Ratelimit-Limit': '1000', 'X-Ratelimit-Remaining': '999', 'X-Ratelimit-Reset': '1707714539', 'Vary': 'Origin, Accept-Encoding', 'Access-Control-Allow-Credentials': 'true', 'Cache-Control': 'max-age=43200', 'Pragma': 'no-cache', 'Expires': '-1', 'X-Content-Type-Options': 'nosniff', 'Etag': 'W/"6b80-Ybsq/K6GwwqrYkAsFxqDXGC7DoM"', 'Content-Encoding': 'gzip', 'Via': '1.1 vegur', 'CF-Cache-Status': 'HIT', 'Age': '16536', 'Server': 'cloudflare', 'CF-RAY': '8546d13e18709abf-MIA', 'alt-svc': 'h3=":443"; ma=86400'} 
 body=[
  {
    "userId": 1,
    "id": 1,
    "title": "sunt aut facere repellat provident occaecati excepturi optio reprehenderit",
    "body": "quia et suscipit\nsuscipit recusandae consequuntur expedita et cum\nreprehenderit molestiae ut ut quas totam\nnostrum rerum est autem sunt rem eveniet architecto"
  },
  {
    "userId": 1,
    "id": 2,
    "title": "qui est esse",
    "body": "est rerum tempore vitae\nsequi sint nihil reprehenderit dolor beatae ea dolores neque\nfugiat blanditiis voluptate porro vel nihil molestiae ut reiciendis\nqui aperiam non debitis possimus qui neque nisi nulla"
  },
  {
    "userId": 1,
    "id": 3,
    "title": "ea molestias quasi exercitationem repellat qui ipsa sit aut",
    "body": "et iusto sed quo iure\nvoluptatem occaecati omnis eligendi aut ad\nvoluptatem doloribus vel accusantium quis pariatur\nmolestiae porro eius odio et labore et velit aut"
  },
  {
    "userId": 1,
    "id": 4,
    "title": "eum et est occaecati",
    "body": "ullam et saepe reiciendis voluptatem adipisci\nsit amet autem assumenda provident rerum culpa\nquis hic commodi nesciunt rem tenetur doloremque ipsam iure\nquis sunt voluptatem rerum illo velit"
  },
  {
    "userId": 1,
    "id": 5,
    "title": "nesciunt quas odio",
    "body": "repudiandae veniam quaerat sunt sed\nalias aut fugiat sit autem sed est\nvoluptatem omnis possimus esse voluptatibus quis\nest aut tenetur dolor neque"
  },
  {
    "userId": 1,
    "id": 6,
    "title": "dolorem eum magni eos aperiam quia",
    "body": "ut aspernatur corporis harum nihil quis provident sequi\nmollitia nobis aliquid molestiae\nperspiciatis et ea nemo ab reprehenderit accusantium quas\nvoluptate dolores velit et doloremque molestiae"
  },
  {
    "userId": 1,
    "id": 7,
    "title": "magnam facilis autem",
    "body": "dolore placeat quibusdam ea quo vitae\nmagni quis enim qui quis quo nemo aut saepe\nquidem repellat excepturi ut quia\nsunt ut sequi eos ea sed quas"
  },
  {
    "userId": 1,
    "id": 8,
    "title": "dolorem dolore est ipsam",
    "body": "dignissimos aperiam dolorem qui eum\nfacilis quibusdam animi sint suscipit qui sint possimus cum\nquaerat magni maiores excepturi\nipsam ut commodi dolor voluptatum modi aut vitae"
  },
  {
    "userId": 1,
    "id": 9,
    "title": "nesciunt iure omnis dolorem tempora et accusantium",
    "body": "consectetur animi nesciunt iure dolore\nenim quia ad\nveniam autem ut quam aut nobis\net est aut quod aut provident voluptas autem voluptas"
  },
  {
    "userId": 1,
    "id": 10,
    "title": "optio molestias id quia eum",
    "body": "quo et expedita modi cum officia vel magni\ndoloribus qui repudiandae\nvero nisi sit\nquos veniam quod sed accusamus veritatis error"
  },
  {
    "userId": 2,
    "id": 11,
    "title": "et ea vero quia laudantium autem",
    "body": "delectus reiciendis molestiae occaecati non minima eveniet qui voluptatibus\naccusamus in eum beatae sit\nvel qui neque voluptates ut commodi qui incidunt\nut animi commodi"
  },
  {
    "userId": 2,
    "id": 12,
    "title": "in quibusdam tempore odit est dolorem",
    "body": "itaque id aut magnam\npraesentium quia et ea odit et ea voluptas et\nsapiente quia nihil amet occaecati quia id voluptatem\nincidunt ea est distinctio odio"
  },
  {
    "userId": 2,
    "id": 13,
    "title": "dolorum ut in voluptas mollitia et saepe quo animi",
    "body": "aut dicta possimus sint mollitia voluptas commodi quo doloremque\niste corrupti reiciendis voluptatem eius rerum\nsit cumque quod eligendi laborum minima\nperferendis recusandae assumenda consectetur porro architecto ipsum ipsam"
  },
  {
    "userId": 2,
    "id": 14,
    "title": "voluptatem eligendi optio",
    "body": "fuga et accusamus dolorum perferendis illo voluptas\nnon doloremque neque facere\nad qui dolorum molestiae beatae\nsed aut voluptas totam sit illum"
  },
  {
    "userId": 2,
    "id": 15,
    "title": "eveniet quod temporibus",
    "body": "reprehenderit quos placeat\nvelit minima officia dolores impedit repudiandae molestiae nam\nvoluptas recusandae quis delectus\nofficiis harum fugiat vitae"
  },
  {
    "userId": 2,
    "id": 16,
    "title": "sint suscipit perspiciatis velit dolorum rerum ipsa laboriosam odio",
    "body": "suscipit nam nisi quo aperiam aut\nasperiores eos fugit maiores voluptatibus quia\nvoluptatem quis ullam qui in alias quia est\nconsequatur magni mollitia accusamus ea nisi voluptate dicta"
  },
  {
    "userId": 2,
    "id": 17,
    "title": "fugit voluptas sed molestias voluptatem provident",
    "body": "eos voluptas et aut odit natus earum\naspernatur fuga molestiae ullam\ndeserunt ratione qui eos\nqui nihil ratione nemo velit ut aut id quo"
  },
  {
    "userId": 2,
    "id": 18,
    "title": "voluptate et itaque vero tempora molestiae",
    "body": "eveniet quo quis\nlaborum totam consequatur non dolor\nut et est repudiandae\nest voluptatem vel debitis et magnam"
  },
  {
    "userId": 2,
    "id": 19,
    "title": "adipisci placeat illum aut reiciendis qui",
    "body": "illum quis cupiditate provident sit magnam\nea sed aut omnis\nveniam maiores ullam consequatur atque\nadipisci quo iste expedita sit quos voluptas"
  },
  {
    "userId": 2,
    "id": 20,
    "title": "doloribus ad provident suscipit at",
    "body": "qui consequuntur ducimus possimus quisquam amet similique\nsuscipit porro ipsam amet\neos veritatis officiis exercitationem vel fugit aut necessitatibus totam\nomnis rerum consequatur expedita quidem cumque explicabo"
  },
  {
    "userId": 3,
    "id": 21,
    "title": "asperiores ea ipsam voluptatibus modi minima quia sint",
    "body": "repellat aliquid praesentium dolorem quo\nsed totam minus non itaque\nnihil labore molestiae sunt dolor eveniet hic recusandae veniam\ntempora et tenetur expedita sunt"
  },
  {
    "userId": 3,
    "id": 22,
    "title": "dolor sint quo a velit explicabo quia nam",
    "body": "eos qui et ipsum ipsam suscipit aut\nsed omnis non odio\nexpedita earum mollitia molestiae aut atque rem suscipit\nnam impedit esse"
  },
  {
    "userId": 3,
    "id": 23,
    "title": "maxime id vitae nihil numquam",
    "body": "veritatis unde neque eligendi\nquae quod architecto quo neque vitae\nest illo sit tempora doloremque fugit quod\net et vel beatae sequi ullam sed tenetur perspiciatis"
  },
  {
    "userId": 3,
    "id": 24,
    "title": "autem hic labore sunt dolores incidunt",
    "body": "enim et ex nulla\nomnis voluptas quia qui\nvoluptatem consequatur numquam aliquam sunt\ntotam recusandae id dignissimos aut sed asperiores deserunt"
  },
  {
    "userId": 3,
    "id": 25,
    "title": "rem alias distinctio quo quis",
    "body": "ullam consequatur ut\nomnis quis sit vel consequuntur\nipsa eligendi ipsum molestiae et omnis error nostrum\nmolestiae illo tempore quia et distinctio"
  },
  {
    "userId": 3,
    "id": 26,
    "title": "est et quae odit qui non",
    "body": "similique esse doloribus nihil accusamus\nomnis dolorem fuga consequuntur reprehenderit fugit recusandae temporibus\nperspiciatis cum ut laudantium\nomnis aut molestiae vel vero"
  },
  {
    "userId": 3,
    "id": 27,
    "title": "quasi id et eos tenetur aut quo autem",
    "body": "eum sed dolores ipsam sint possimus debitis occaecati\ndebitis qui qui et\nut placeat enim earum aut odit facilis\nconsequatur suscipit necessitatibus rerum sed inventore temporibus consequatur"
  },
  {
    "userId": 3,
    "id": 28,
    "title": "delectus ullam et corporis nulla voluptas sequi",
    "body": "non et quaerat ex quae ad maiores\nmaiores recusandae totam aut blanditiis mollitia quas illo\nut voluptatibus voluptatem\nsimilique nostrum eum"
  },
  {
    "userId": 3,
    "id": 29,
    "title": "iusto eius quod necessitatibus culpa ea",
    "body": "odit magnam ut saepe sed non qui\ntempora atque nihil\naccusamus illum doloribus illo dolor\neligendi repudiandae odit magni similique sed cum maiores"
  },
  {
    "userId": 3,
    "id": 30,
    "title": "a quo magni similique perferendis",
    "body": "alias dolor cumque\nimpedit blanditiis non eveniet odio maxime\nblanditiis amet eius quis tempora quia autem rem\na provident perspiciatis quia"
  },
  {
    "userId": 4,
    "id": 31,
    "title": "ullam ut quidem id aut vel consequuntur",
    "body": "debitis eius sed quibusdam non quis consectetur vitae\nimpedit ut qui consequatur sed aut in\nquidem sit nostrum et maiores adipisci atque\nquaerat voluptatem adipisci repudiandae"
  },
  {
    "userId": 4,
    "id": 32,
    "title": "doloremque illum aliquid sunt",
    "body": "deserunt eos nobis asperiores et hic\nest debitis repellat molestiae optio\nnihil ratione ut eos beatae quibusdam distinctio maiores\nearum voluptates et aut adipisci ea maiores voluptas maxime"
  },
  {
    "userId": 4,
    "id": 33,
    "title": "qui explicabo molestiae dolorem",
    "body": "rerum ut et numquam laborum odit est sit\nid qui sint in\nquasi tenetur tempore aperiam et quaerat qui in\nrerum officiis sequi cumque quod"
  },
  {
    "userId": 4,
    "id": 34,
    "title": "magnam ut rerum iure",
    "body": "ea velit perferendis earum ut voluptatem voluptate itaque iusto\ntotam pariatur in\nnemo voluptatem voluptatem autem magni tempora minima in\nest distinctio qui assumenda accusamus dignissimos officia nesciunt nobis"
  },
  {
    "userId": 4,
    "id": 35,
    "title": "id nihil consequatur molestias animi provident",
    "body": "nisi error delectus possimus ut eligendi vitae\nplaceat eos harum cupiditate facilis reprehenderit voluptatem beatae\nmodi ducimus quo illum voluptas eligendi\net nobis quia fugit"
  },
  {
    "userId": 4,
    "id": 36,
    "title": "fuga nam accusamus voluptas reiciendis itaque",
    "body": "ad mollitia et omnis minus architecto odit\nvoluptas doloremque maxime aut non ipsa qui alias veniam\nblanditiis culpa aut quia nihil cumque facere et occaecati\nqui aspernatur quia eaque ut aperiam inventore"
  },
  {
    "userId": 4,
    "id": 37,
    "title": "provident vel ut sit ratione est... (set the log level to DEBUG or TRACE to see the full content) 
 </msg>
<msg timestamp="20240212 15:15:30.944" level="INFO">C:\Users\yamfo\Documents\Projetos\Robot Framework\robotframework-zomba-api\project-venv\lib\site-packages\urllib3\connectionpool.py:1103: InsecureRequestWarning: Unverified HTTPS request is being made to host 'jsonplaceholder.typicode.com'. Adding certificate verification is strongly advised. See: https://urllib3.readthedocs.io/en/latest/advanced-usage.html#tls-warnings
  warnings.warn(</msg>
<msg timestamp="20240212 15:15:30.946" level="INFO">${RESPONSE} = {'apparent_encoding': 'ascii', 'close': &lt;bound method Response.close of &lt;Response [200]&gt;&gt;, 'connection': &lt;requests.adapters.HTTPAdapter object at 0x000002317FCE3190&gt;, 'content': b'[\n  {\n    "userId"...</msg>
<status status="PASS" starttime="20240212 15:15:30.533" endtime="20240212 15:15:30.946"/>
</kw>
<kw name="Should Be Equal As Strings" library="BuiltIn">
<arg>${RESPONSE.status_code}</arg>
<arg>200</arg>
<doc>Fails if objects are unequal after converting them to strings.</doc>
<msg timestamp="20240212 15:15:30.947" level="INFO">Argument types are:
&lt;class 'int'&gt;
&lt;class 'str'&gt;</msg>
<status status="PASS" starttime="20240212 15:15:30.946" endtime="20240212 15:15:30.947"/>
</kw>
<for flavor="IN">
<var>${element}</var>
<value>@{RESPONSE.json()}</value>
<iter>
<var name="${element}">{'userId': 1, 'id': 1, 'title': 'sunt aut facere repellat provident occaecati excepturi optio reprehenderit', 'body': 'quia et suscipit\nsuscipit recusandae consequuntur expedita et cum\nreprehenderit...</var>
<kw name="Validate Dict" library="Validate_Dict">
<arg>${element}</arg>
<arg>${POSTS}</arg>
<for flavor="IN">
<var>${key}</var>
<value>@{SECOND_LIST}</value>
<iter>
<var name="${key}">userId</var>
<kw name="Dictionary Should Contain Key" library="Collections">
<arg>${FIRST_LIST}</arg>
<arg>${key}</arg>
<doc>Fails if ``key`` is not found from ``dictionary``.</doc>
<status status="PASS" starttime="20240212 15:15:30.947" endtime="20240212 15:15:30.949"/>
</kw>
<status status="PASS" starttime="20240212 15:15:30.947" endtime="20240212 15:15:30.949"/>
</iter>
<iter>
<var name="${key}">id</var>
<kw name="Dictionary Should Contain Key" library="Collections">
<arg>${FIRST_LIST}</arg>
<arg>${key}</arg>
<doc>Fails if ``key`` is not found from ``dictionary``.</doc>
<status status="PASS" starttime="20240212 15:15:30.949" endtime="20240212 15:15:30.949"/>
</kw>
<status status="PASS" starttime="20240212 15:15:30.949" endtime="20240212 15:15:30.949"/>
</iter>
<iter>
<var name="${key}">title</var>
<kw name="Dictionary Should Contain Key" library="Collections">
<arg>${FIRST_LIST}</arg>
<arg>${key}</arg>
<doc>Fails if ``key`` is not found from ``dictionary``.</doc>
<status status="PASS" starttime="20240212 15:15:30.949" endtime="20240212 15:15:30.949"/>
</kw>
<status status="PASS" starttime="20240212 15:15:30.949" endtime="20240212 15:15:30.949"/>
</iter>
<iter>
<var name="${key}">body</var>
<kw name="Dictionary Should Contain Key" library="Collections">
<arg>${FIRST_LIST}</arg>
<arg>${key}</arg>
<doc>Fails if ``key`` is not found from ``dictionary``.</doc>
<status status="PASS" starttime="20240212 15:15:30.949" endtime="20240212 15:15:30.949"/>
</kw>
<status status="PASS" starttime="20240212 15:15:30.949" endtime="20240212 15:15:30.950"/>
</iter>
<status status="PASS" starttime="20240212 15:15:30.947" endtime="20240212 15:15:30.950"/>
</for>
<status status="PASS" starttime="20240212 15:15:30.947" endtime="20240212 15:15:30.950"/>
</kw>
<status status="PASS" starttime="20240212 15:15:30.947" endtime="20240212 15:15:30.950"/>
</iter>
<iter>
<var name="${element}">{'userId': 1, 'id': 2, 'title': 'qui est esse', 'body': 'est rerum tempore vitae\nsequi sint nihil reprehenderit dolor beatae ea dolores neque\nfugiat blanditiis voluptate porro vel nihil molestiae ut...</var>
<kw name="Validate Dict" library="Validate_Dict">
<arg>${element}</arg>
<arg>${POSTS}</arg>
<for flavor="IN">
<var>${key}</var>
<value>@{SECOND_LIST}</value>
<iter>
<var name="${key}">userId</var>
<kw name="Dictionary Should Contain Key" library="Collections">
<arg>${FIRST_LIST}</arg>
<arg>${key}</arg>
<doc>Fails if ``key`` is not found from ``dictionary``.</doc>
<status status="PASS" starttime="20240212 15:15:30.951" endtime="20240212 15:15:30.951"/>
</kw>
<status status="PASS" starttime="20240212 15:15:30.951" endtime="20240212 15:15:30.951"/>
</iter>
<iter>
<var name="${key}">id</var>
<kw name="Dictionary Should Contain Key" library="Collections">
<arg>${FIRST_LIST}</arg>
<arg>${key}</arg>
<doc>Fails if ``key`` is not found from ``dictionary``.</doc>
<status status="PASS" starttime="20240212 15:15:30.951" endtime="20240212 15:15:30.951"/>
</kw>
<status status="PASS" starttime="20240212 15:15:30.951" endtime="20240212 15:15:30.951"/>
</iter>
<iter>
<var name="${key}">title</var>
<kw name="Dictionary Should Contain Key" library="Collections">
<arg>${FIRST_LIST}</arg>
<arg>${key}</arg>
<doc>Fails if ``key`` is not found from ``dictionary``.</doc>
<status status="PASS" starttime="20240212 15:15:30.951" endtime="20240212 15:15:30.951"/>
</kw>
<status status="PASS" starttime="20240212 15:15:30.951" endtime="20240212 15:15:30.951"/>
</iter>
<iter>
<var name="${key}">body</var>
<kw name="Dictionary Should Contain Key" library="Collections">
<arg>${FIRST_LIST}</arg>
<arg>${key}</arg>
<doc>Fails if ``key`` is not found from ``dictionary``.</doc>
<status status="PASS" starttime="20240212 15:15:30.951" endtime="20240212 15:15:30.951"/>
</kw>
<status status="PASS" starttime="20240212 15:15:30.951" endtime="20240212 15:15:30.952"/>
</iter>
<status status="PASS" starttime="20240212 15:15:30.950" endtime="20240212 15:15:30.952"/>
</for>
<status status="PASS" starttime="20240212 15:15:30.950" endtime="20240212 15:15:30.952"/>
</kw>
<status status="PASS" starttime="20240212 15:15:30.950" endtime="20240212 15:15:30.952"/>
</iter>
<iter>
<var name="${element}">{'userId': 1, 'id': 3, 'title': 'ea molestias quasi exercitationem repellat qui ipsa sit aut', 'body': 'et iusto sed quo iure\nvoluptatem occaecati omnis eligendi aut ad\nvoluptatem doloribus vel accu...</var>
<kw name="Validate Dict" library="Validate_Dict">
<arg>${element}</arg>
<arg>${POSTS}</arg>
<for flavor="IN">
<var>${key}</var>
<value>@{SECOND_LIST}</value>
<iter>
<var name="${key}">userId</var>
<kw name="Dictionary Should Contain Key" library="Collections">
<arg>${FIRST_LIST}</arg>
<arg>${key}</arg>
<doc>Fails if ``key`` is not found from ``dictionary``.</doc>
<status status="PASS" starttime="20240212 15:15:30.952" endtime="20240212 15:15:30.952"/>
</kw>
<status status="PASS" starttime="20240212 15:15:30.952" endtime="20240212 15:15:30.952"/>
</iter>
<iter>
<var name="${key}">id</var>
<kw name="Dictionary Should Contain Key" library="Collections">
<arg>${FIRST_LIST}</arg>
<arg>${key}</arg>
<doc>Fails if ``key`` is not found from ``dictionary``.</doc>
<status status="PASS" starttime="20240212 15:15:30.952" endtime="20240212 15:15:30.952"/>
</kw>
<status status="PASS" starttime="20240212 15:15:30.952" endtime="20240212 15:15:30.952"/>
</iter>
<iter>
<var name="${key}">title</var>
<kw name="Dictionary Should Contain Key" library="Collections">
<arg>${FIRST_LIST}</arg>
<arg>${key}</arg>
<doc>Fails if ``key`` is not found from ``dictionary``.</doc>
<status status="PASS" starttime="20240212 15:15:30.953" endtime="20240212 15:15:30.953"/>
</kw>
<status status="PASS" starttime="20240212 15:15:30.953" endtime="20240212 15:15:30.953"/>
</iter>
<iter>
<var name="${key}">body</var>
<kw name="Dictionary Should Contain Key" library="Collections">
<arg>${FIRST_LIST}</arg>
<arg>${key}</arg>
<doc>Fails if ``key`` is not found from ``dictionary``.</doc>
<status status="PASS" starttime="20240212 15:15:30.953" endtime="20240212 15:15:30.953"/>
</kw>
<status status="PASS" starttime="20240212 15:15:30.953" endtime="20240212 15:15:30.953"/>
</iter>
<status status="PASS" starttime="20240212 15:15:30.952" endtime="20240212 15:15:30.953"/>
</for>
<status status="PASS" starttime="20240212 15:15:30.952" endtime="20240212 15:15:30.953"/>
</kw>
<status status="PASS" starttime="20240212 15:15:30.952" endtime="20240212 15:15:30.953"/>
</iter>
<iter>
<var name="${element}">{'userId': 1, 'id': 4, 'title': 'eum et est occaecati', 'body': 'ullam et saepe reiciendis voluptatem adipisci\nsit amet autem assumenda provident rerum culpa\nquis hic commodi nesciunt rem tenetur do...</var>
<kw name="Validate Dict" library="Validate_Dict">
<arg>${element}</arg>
<arg>${POSTS}</arg>
<for flavor="IN">
<var>${key}</var>
<value>@{SECOND_LIST}</value>
<iter>
<var name="${key}">userId</var>
<kw name="Dictionary Should Contain Key" library="Collections">
<arg>${FIRST_LIST}</arg>
<arg>${key}</arg>
<doc>Fails if ``key`` is not found from ``dictionary``.</doc>
<status status="PASS" starttime="20240212 15:15:30.954" endtime="20240212 15:15:30.954"/>
</kw>
<status status="PASS" starttime="20240212 15:15:30.954" endtime="20240212 15:15:30.954"/>
</iter>
<iter>
<var name="${key}">id</var>
<kw name="Dictionary Should Contain Key" library="Collections">
<arg>${FIRST_LIST}</arg>
<arg>${key}</arg>
<doc>Fails if ``key`` is not found from ``dictionary``.</doc>
<status status="PASS" starttime="20240212 15:15:30.954" endtime="20240212 15:15:30.954"/>
</kw>
<status status="PASS" starttime="20240212 15:15:30.954" endtime="20240212 15:15:30.954"/>
</iter>
<iter>
<var name="${key}">title</var>
<kw name="Dictionary Should Contain Key" library="Collections">
<arg>${FIRST_LIST}</arg>
<arg>${key}</arg>
<doc>Fails if ``key`` is not found from ``dictionary``.</doc>
<status status="PASS" starttime="20240212 15:15:30.954" endtime="20240212 15:15:30.954"/>
</kw>
<status status="PASS" starttime="20240212 15:15:30.954" endtime="20240212 15:15:30.954"/>
</iter>
<iter>
<var name="${key}">body</var>
<kw name="Dictionary Should Contain Key" library="Collections">
<arg>${FIRST_LIST}</arg>
<arg>${key}</arg>
<doc>Fails if ``key`` is not found from ``dictionary``.</doc>
<status status="PASS" starttime="20240212 15:15:30.955" endtime="20240212 15:15:30.955"/>
</kw>
<status status="PASS" starttime="20240212 15:15:30.955" endtime="20240212 15:15:30.955"/>
</iter>
<status status="PASS" starttime="20240212 15:15:30.953" endtime="20240212 15:15:30.955"/>
</for>
<status status="PASS" starttime="20240212 15:15:30.953" endtime="20240212 15:15:30.955"/>
</kw>
<status status="PASS" starttime="20240212 15:15:30.953" endtime="20240212 15:15:30.955"/>
</iter>
<iter>
<var name="${element}">{'userId': 1, 'id': 5, 'title': 'nesciunt quas odio', 'body': 'repudiandae veniam quaerat sunt sed\nalias aut fugiat sit autem sed est\nvoluptatem omnis possimus esse voluptatibus quis\nest aut tenetu...</var>
<kw name="Validate Dict" library="Validate_Dict">
<arg>${element}</arg>
<arg>${POSTS}</arg>
<for flavor="IN">
<var>${key}</var>
<value>@{SECOND_LIST}</value>
<iter>
<var name="${key}">userId</var>
<kw name="Dictionary Should Contain Key" library="Collections">
<arg>${FIRST_LIST}</arg>
<arg>${key}</arg>
<doc>Fails if ``key`` is not found from ``dictionary``.</doc>
<status status="PASS" starttime="20240212 15:15:30.956" endtime="20240212 15:15:30.956"/>
</kw>
<status status="PASS" starttime="20240212 15:15:30.956" endtime="20240212 15:15:30.956"/>
</iter>
<iter>
<var name="${key}">id</var>
<kw name="Dictionary Should Contain Key" library="Collections">
<arg>${FIRST_LIST}</arg>
<arg>${key}</arg>
<doc>Fails if ``key`` is not found from ``dictionary``.</doc>
<status status="PASS" starttime="20240212 15:15:30.956" endtime="20240212 15:15:30.956"/>
</kw>
<status status="PASS" starttime="20240212 15:15:30.956" endtime="20240212 15:15:30.956"/>
</iter>
<iter>
<var name="${key}">title</var>
<kw name="Dictionary Should Contain Key" library="Collections">
<arg>${FIRST_LIST}</arg>
<arg>${key}</arg>
<doc>Fails if ``key`` is not found from ``dictionary``.</doc>
<status status="PASS" starttime="20240212 15:15:30.957" endtime="20240212 15:15:30.957"/>
</kw>
<status status="PASS" starttime="20240212 15:15:30.956" endtime="20240212 15:15:30.957"/>
</iter>
<iter>
<var name="${key}">body</var>
<kw name="Dictionary Should Contain Key" library="Collections">
<arg>${FIRST_LIST}</arg>
<arg>${key}</arg>
<doc>Fails if ``key`` is not found from ``dictionary``.</doc>
<status status="PASS" starttime="20240212 15:15:30.957" endtime="20240212 15:15:30.957"/>
</kw>
<status status="PASS" starttime="20240212 15:15:30.957" endtime="20240212 15:15:30.957"/>
</iter>
<status status="PASS" starttime="20240212 15:15:30.956" endtime="20240212 15:15:30.957"/>
</for>
<status status="PASS" starttime="20240212 15:15:30.956" endtime="20240212 15:15:30.957"/>
</kw>
<status status="PASS" starttime="20240212 15:15:30.956" endtime="20240212 15:15:30.957"/>
</iter>
<iter>
<var name="${element}">{'userId': 1, 'id': 6, 'title': 'dolorem eum magni eos aperiam quia', 'body': 'ut aspernatur corporis harum nihil quis provident sequi\nmollitia nobis aliquid molestiae\nperspiciatis et ea nemo ab rep...</var>
<kw name="Validate Dict" library="Validate_Dict">
<arg>${element}</arg>
<arg>${POSTS}</arg>
<for flavor="IN">
<var>${key}</var>
<value>@{SECOND_LIST}</value>
<iter>
<var name="${key}">userId</var>
<kw name="Dictionary Should Contain Key" library="Collections">
<arg>${FIRST_LIST}</arg>
<arg>${key}</arg>
<doc>Fails if ``key`` is not found from ``dictionary``.</doc>
<status status="PASS" starttime="20240212 15:15:30.957" endtime="20240212 15:15:30.958"/>
</kw>
<status status="PASS" starttime="20240212 15:15:30.957" endtime="20240212 15:15:30.958"/>
</iter>
<iter>
<var name="${key}">id</var>
<kw name="Dictionary Should Contain Key" library="Collections">
<arg>${FIRST_LIST}</arg>
<arg>${key}</arg>
<doc>Fails if ``key`` is not found from ``dictionary``.</doc>
<status status="PASS" starttime="20240212 15:15:30.958" endtime="20240212 15:15:30.958"/>
</kw>
<status status="PASS" starttime="20240212 15:15:30.958" endtime="20240212 15:15:30.958"/>
</iter>
<iter>
<var name="${key}">title</var>
<kw name="Dictionary Should Contain Key" library="Collections">
<arg>${FIRST_LIST}</arg>
<arg>${key}</arg>
<doc>Fails if ``key`` is not found from ``dictionary``.</doc>
<status status="PASS" starttime="20240212 15:15:30.958" endtime="20240212 15:15:30.958"/>
</kw>
<status status="PASS" starttime="20240212 15:15:30.958" endtime="20240212 15:15:30.958"/>
</iter>
<iter>
<var name="${key}">body</var>
<kw name="Dictionary Should Contain Key" library="Collections">
<arg>${FIRST_LIST}</arg>
<arg>${key}</arg>
<doc>Fails if ``key`` is not found from ``dictionary``.</doc>
<status status="PASS" starttime="20240212 15:15:30.959" endtime="20240212 15:15:30.959"/>
</kw>
<status status="PASS" starttime="20240212 15:15:30.959" endtime="20240212 15:15:30.959"/>
</iter>
<status status="PASS" starttime="20240212 15:15:30.957" endtime="20240212 15:15:30.959"/>
</for>
<status status="PASS" starttime="20240212 15:15:30.957" endtime="20240212 15:15:30.959"/>
</kw>
<status status="PASS" starttime="20240212 15:15:30.957" endtime="20240212 15:15:30.959"/>
</iter>
<iter>
<var name="${element}">{'userId': 1, 'id': 7, 'title': 'magnam facilis autem', 'body': 'dolore placeat quibusdam ea quo vitae\nmagni quis enim qui quis quo nemo aut saepe\nquidem repellat excepturi ut quia\nsunt ut sequi eo...</var>
<kw name="Validate Dict" library="Validate_Dict">
<arg>${element}</arg>
<arg>${POSTS}</arg>
<for flavor="IN">
<var>${key}</var>
<value>@{SECOND_LIST}</value>
<iter>
<var name="${key}">userId</var>
<kw name="Dictionary Should Contain Key" library="Collections">
<arg>${FIRST_LIST}</arg>
<arg>${key}</arg>
<doc>Fails if ``key`` is not found from ``dictionary``.</doc>
<status status="PASS" starttime="20240212 15:15:30.959" endtime="20240212 15:15:30.959"/>
</kw>
<status status="PASS" starttime="20240212 15:15:30.959" endtime="20240212 15:15:30.959"/>
</iter>
<iter>
<var name="${key}">id</var>
<kw name="Dictionary Should Contain Key" library="Collections">
<arg>${FIRST_LIST}</arg>
<arg>${key}</arg>
<doc>Fails if ``key`` is not found from ``dictionary``.</doc>
<status status="PASS" starttime="20240212 15:15:30.960" endtime="20240212 15:15:30.960"/>
</kw>
<status status="PASS" starttime="20240212 15:15:30.960" endtime="20240212 15:15:30.960"/>
</iter>
<iter>
<var name="${key}">title</var>
<kw name="Dictionary Should Contain Key" library="Collections">
<arg>${FIRST_LIST}</arg>
<arg>${key}</arg>
<doc>Fails if ``key`` is not found from ``dictionary``.</doc>
<status status="PASS" starttime="20240212 15:15:30.960" endtime="20240212 15:15:30.960"/>
</kw>
<status status="PASS" starttime="20240212 15:15:30.960" endtime="20240212 15:15:30.960"/>
</iter>
<iter>
<var name="${key}">body</var>
<kw name="Dictionary Should Contain Key" library="Collections">
<arg>${FIRST_LIST}</arg>
<arg>${key}</arg>
<doc>Fails if ``key`` is not found from ``dictionary``.</doc>
<status status="PASS" starttime="20240212 15:15:30.961" endtime="20240212 15:15:30.961"/>
</kw>
<status status="PASS" starttime="20240212 15:15:30.961" endtime="20240212 15:15:30.961"/>
</iter>
<status status="PASS" starttime="20240212 15:15:30.959" endtime="20240212 15:15:30.961"/>
</for>
<status status="PASS" starttime="20240212 15:15:30.959" endtime="20240212 15:15:30.961"/>
</kw>
<status status="PASS" starttime="20240212 15:15:30.959" endtime="20240212 15:15:30.961"/>
</iter>
<iter>
<var name="${element}">{'userId': 1, 'id': 8, 'title': 'dolorem dolore est ipsam', 'body': 'dignissimos aperiam dolorem qui eum\nfacilis quibusdam animi sint suscipit qui sint possimus cum\nquaerat magni maiores excepturi\n...</var>
<kw name="Validate Dict" library="Validate_Dict">
<arg>${element}</arg>
<arg>${POSTS}</arg>
<for flavor="IN">
<var>${key}</var>
<value>@{SECOND_LIST}</value>
<iter>
<var name="${key}">userId</var>
<kw name="Dictionary Should Contain Key" library="Collections">
<arg>${FIRST_LIST}</arg>
<arg>${key}</arg>
<doc>Fails if ``key`` is not found from ``dictionary``.</doc>
<status status="PASS" starttime="20240212 15:15:30.962" endtime="20240212 15:15:30.962"/>
</kw>
<status status="PASS" starttime="20240212 15:15:30.961" endtime="20240212 15:15:30.962"/>
</iter>
<iter>
<var name="${key}">id</var>
<kw name="Dictionary Should Contain Key" library="Collections">
<arg>${FIRST_LIST}</arg>
<arg>${key}</arg>
<doc>Fails if ``key`` is not found from ``dictionary``.</doc>
<status status="PASS" starttime="20240212 15:15:30.962" endtime="20240212 15:15:30.963"/>
</kw>
<status status="PASS" starttime="20240212 15:15:30.962" endtime="20240212 15:15:30.963"/>
</iter>
<iter>
<var name="${key}">title</var>
<kw name="Dictionary Should Contain Key" library="Collections">
<arg>${FIRST_LIST}</arg>
<arg>${key}</arg>
<doc>Fails if ``key`` is not found from ``dictionary``.</doc>
<status status="PASS" starttime="20240212 15:15:30.963" endtime="20240212 15:15:30.963"/>
</kw>
<status status="PASS" starttime="20240212 15:15:30.963" endtime="20240212 15:15:30.964"/>
</iter>
<iter>
<var name="${key}">body</var>
<kw name="Dictionary Should Contain Key" library="Collections">
<arg>${FIRST_LIST}</arg>
<arg>${key}</arg>
<doc>Fails if ``key`` is not found from ``dictionary``.</doc>
<status status="PASS" starttime="20240212 15:15:30.964" endtime="20240212 15:15:30.964"/>
</kw>
<status status="PASS" starttime="20240212 15:15:30.964" endtime="20240212 15:15:30.964"/>
</iter>
<status status="PASS" starttime="20240212 15:15:30.961" endtime="20240212 15:15:30.964"/>
</for>
<status status="PASS" starttime="20240212 15:15:30.961" endtime="20240212 15:15:30.965"/>
</kw>
<status status="PASS" starttime="20240212 15:15:30.961" endtime="20240212 15:15:30.965"/>
</iter>
<iter>
<var name="${element}">{'userId': 1, 'id': 9, 'title': 'nesciunt iure omnis dolorem tempora et accusantium', 'body': 'consectetur animi nesciunt iure dolore\nenim quia ad\nveniam autem ut quam aut nobis\net est aut quod aut...</var>
<kw name="Validate Dict" library="Validate_Dict">
<arg>${element}</arg>
<arg>${POSTS}</arg>
<for flavor="IN">
<var>${key}</var>
<value>@{SECOND_LIST}</value>
<iter>
<var name="${key}">userId</var>
<kw name="Dictionary Should Contain Key" library="Collections">
<arg>${FIRST_LIST}</arg>
<arg>${key}</arg>
<doc>Fails if ``key`` is not found from ``dictionary``.</doc>
<status status="PASS" starttime="20240212 15:15:30.965" endtime="20240212 15:15:30.966"/>
</kw>
<status status="PASS" starttime="20240212 15:15:30.965" endtime="20240212 15:15:30.966"/>
</iter>
<iter>
<var name="${key}">id</var>
<kw name="Dictionary Should Contain Key" library="Collections">
<arg>${FIRST_LIST}</arg>
<arg>${key}</arg>
<doc>Fails if ``key`` is not found from ``dictionary``.</doc>
<status status="PASS" starttime="20240212 15:15:30.966" endtime="20240212 15:15:30.967"/>
</kw>
<status status="PASS" starttime="20240212 15:15:30.966" endtime="20240212 15:15:30.967"/>
</iter>
<iter>
<var name="${key}">title</var>
<kw name="Dictionary Should Contain Key" library="Collections">
<arg>${FIRST_LIST}</arg>
<arg>${key}</arg>
<doc>Fails if ``key`` is not found from ``dictionary``.</doc>
<status status="PASS" starttime="20240212 15:15:30.967" endtime="20240212 15:15:30.967"/>
</kw>
<status status="PASS" starttime="20240212 15:15:30.967" endtime="20240212 15:15:30.967"/>
</iter>
<iter>
<var name="${key}">body</var>
<kw name="Dictionary Should Contain Key" library="Collections">
<arg>${FIRST_LIST}</arg>
<arg>${key}</arg>
<doc>Fails if ``key`` is not found from ``dictionary``.</doc>
<status status="PASS" starttime="20240212 15:15:30.967" endtime="20240212 15:15:30.967"/>
</kw>
<status status="PASS" starttime="20240212 15:15:30.967" endtime="20240212 15:15:30.967"/>
</iter>
<status status="PASS" starttime="20240212 15:15:30.965" endtime="20240212 15:15:30.967"/>
</for>
<status status="PASS" starttime="20240212 15:15:30.965" endtime="20240212 15:15:30.967"/>
</kw>
<status status="PASS" starttime="20240212 15:15:30.965" endtime="20240212 15:15:30.967"/>
</iter>
<iter>
<var name="${element}">{'userId': 1, 'id': 10, 'title': 'optio molestias id quia eum', 'body': 'quo et expedita modi cum officia vel magni\ndoloribus qui repudiandae\nvero nisi sit\nquos veniam quod sed accusamus veritatis ...</var>
<kw name="Validate Dict" library="Validate_Dict">
<arg>${element}</arg>
<arg>${POSTS}</arg>
<for flavor="IN">
<var>${key}</var>
<value>@{SECOND_LIST}</value>
<iter>
<var name="${key}">userId</var>
<kw name="Dictionary Should Contain Key" library="Collections">
<arg>${FIRST_LIST}</arg>
<arg>${key}</arg>
<doc>Fails if ``key`` is not found from ``dictionary``.</doc>
<status status="PASS" starttime="20240212 15:15:30.969" endtime="20240212 15:15:30.969"/>
</kw>
<status status="PASS" starttime="20240212 15:15:30.969" endtime="20240212 15:15:30.969"/>
</iter>
<iter>
<var name="${key}">id</var>
<kw name="Dictionary Should Contain Key" library="Collections">
<arg>${FIRST_LIST}</arg>
<arg>${key}</arg>
<doc>Fails if ``key`` is not found from ``dictionary``.</doc>
<status status="PASS" starttime="20240212 15:15:30.969" endtime="20240212 15:15:30.969"/>
</kw>
<status status="PASS" starttime="20240212 15:15:30.969" endtime="20240212 15:15:30.969"/>
</iter>
<iter>
<var name="${key}">title</var>
<kw name="Dictionary Should Contain Key" library="Collections">
<arg>${FIRST_LIST}</arg>
<arg>${key}</arg>
<doc>Fails if ``key`` is not found from ``dictionary``.</doc>
<status status="PASS" starttime="20240212 15:15:30.970" endtime="20240212 15:15:30.970"/>
</kw>
<status status="PASS" starttime="20240212 15:15:30.970" endtime="20240212 15:15:30.970"/>
</iter>
<iter>
<var name="${key}">body</var>
<kw name="Dictionary Should Contain Key" library="Collections">
<arg>${FIRST_LIST}</arg>
<arg>${key}</arg>
<doc>Fails if ``key`` is not found from ``dictionary``.</doc>
<status status="PASS" starttime="20240212 15:15:30.970" endtime="20240212 15:15:30.970"/>
</kw>
<status status="PASS" starttime="20240212 15:15:30.970" endtime="20240212 15:15:30.970"/>
</iter>
<status status="PASS" starttime="20240212 15:15:30.969" endtime="20240212 15:15:30.970"/>
</for>
<status status="PASS" starttime="20240212 15:15:30.967" endtime="20240212 15:15:30.970"/>
</kw>
<status status="PASS" starttime="20240212 15:15:30.967" endtime="20240212 15:15:30.970"/>
</iter>
<iter>
<var name="${element}">{'userId': 2, 'id': 11, 'title': 'et ea vero quia laudantium autem', 'body': 'delectus reiciendis molestiae occaecati non minima eveniet qui voluptatibus\naccusamus in eum beatae sit\nvel qui neque vo...</var>
<kw name="Validate Dict" library="Validate_Dict">
<arg>${element}</arg>
<arg>${POSTS}</arg>
<for flavor="IN">
<var>${key}</var>
<value>@{SECOND_LIST}</value>
<iter>
<var name="${key}">userId</var>
<kw name="Dictionary Should Contain Key" library="Collections">
<arg>${FIRST_LIST}</arg>
<arg>${key}</arg>
<doc>Fails if ``key`` is not found from ``dictionary``.</doc>
<status status="PASS" starttime="20240212 15:15:30.971" endtime="20240212 15:15:30.971"/>
</kw>
<status status="PASS" starttime="20240212 15:15:30.971" endtime="20240212 15:15:30.971"/>
</iter>
<iter>
<var name="${key}">id</var>
<kw name="Dictionary Should Contain Key" library="Collections">
<arg>${FIRST_LIST}</arg>
<arg>${key}</arg>
<doc>Fails if ``key`` is not found from ``dictionary``.</doc>
<status status="PASS" starttime="20240212 15:15:30.971" endtime="20240212 15:15:30.971"/>
</kw>
<status status="PASS" starttime="20240212 15:15:30.971" endtime="20240212 15:15:30.971"/>
</iter>
<iter>
<var name="${key}">title</var>
<kw name="Dictionary Should Contain Key" library="Collections">
<arg>${FIRST_LIST}</arg>
<arg>${key}</arg>
<doc>Fails if ``key`` is not found from ``dictionary``.</doc>
<status status="PASS" starttime="20240212 15:15:30.972" endtime="20240212 15:15:30.972"/>
</kw>
<status status="PASS" starttime="20240212 15:15:30.972" endtime="20240212 15:15:30.972"/>
</iter>
<iter>
<var name="${key}">body</var>
<kw name="Dictionary Should Contain Key" library="Collections">
<arg>${FIRST_LIST}</arg>
<arg>${key}</arg>
<doc>Fails if ``key`` is not found from ``dictionary``.</doc>
<status status="PASS" starttime="20240212 15:15:30.972" endtime="20240212 15:15:30.972"/>
</kw>
<status status="PASS" starttime="20240212 15:15:30.972" endtime="20240212 15:15:30.972"/>
</iter>
<status status="PASS" starttime="20240212 15:15:30.971" endtime="20240212 15:15:30.972"/>
</for>
<status status="PASS" starttime="20240212 15:15:30.971" endtime="20240212 15:15:30.972"/>
</kw>
<status status="PASS" starttime="20240212 15:15:30.971" endtime="20240212 15:15:30.972"/>
</iter>
<iter>
<var name="${element}">{'userId': 2, 'id': 12, 'title': 'in quibusdam tempore odit est dolorem', 'body': 'itaque id aut magnam\npraesentium quia et ea odit et ea voluptas et\nsapiente quia nihil amet occaecati quia id volup...</var>
<kw name="Validate Dict" library="Validate_Dict">
<arg>${element}</arg>
<arg>${POSTS}</arg>
<for flavor="IN">
<var>${key}</var>
<value>@{SECOND_LIST}</value>
<iter>
<var name="${key}">userId</var>
<kw name="Dictionary Should Contain Key" library="Collections">
<arg>${FIRST_LIST}</arg>
<arg>${key}</arg>
<doc>Fails if ``key`` is not found from ``dictionary``.</doc>
<status status="PASS" starttime="20240212 15:15:30.973" endtime="20240212 15:15:30.973"/>
</kw>
<status status="PASS" starttime="20240212 15:15:30.972" endtime="20240212 15:15:30.973"/>
</iter>
<iter>
<var name="${key}">id</var>
<kw name="Dictionary Should Contain Key" library="Collections">
<arg>${FIRST_LIST}</arg>
<arg>${key}</arg>
<doc>Fails if ``key`` is not found from ``dictionary``.</doc>
<status status="PASS" starttime="20240212 15:15:30.973" endtime="20240212 15:15:30.973"/>
</kw>
<status status="PASS" starttime="20240212 15:15:30.973" endtime="20240212 15:15:30.973"/>
</iter>
<iter>
<var name="${key}">title</var>
<kw name="Dictionary Should Contain Key" library="Collections">
<arg>${FIRST_LIST}</arg>
<arg>${key}</arg>
<doc>Fails if ``key`` is not found from ``dictionary``.</doc>
<status status="PASS" starttime="20240212 15:15:30.973" endtime="20240212 15:15:30.973"/>
</kw>
<status status="PASS" starttime="20240212 15:15:30.973" endtime="20240212 15:15:30.973"/>
</iter>
<iter>
<var name="${key}">body</var>
<kw name="Dictionary Should Contain Key" library="Collections">
<arg>${FIRST_LIST}</arg>
<arg>${key}</arg>
<doc>Fails if ``key`` is not found from ``dictionary``.</doc>
<status status="PASS" starttime="20240212 15:15:30.973" endtime="20240212 15:15:30.974"/>
</kw>
<status status="PASS" starttime="20240212 15:15:30.973" endtime="20240212 15:15:30.974"/>
</iter>
<status status="PASS" starttime="20240212 15:15:30.972" endtime="20240212 15:15:30.974"/>
</for>
<status status="PASS" starttime="20240212 15:15:30.972" endtime="20240212 15:15:30.974"/>
</kw>
<status status="PASS" starttime="20240212 15:15:30.972" endtime="20240212 15:15:30.974"/>
</iter>
<iter>
<var name="${element}">{'userId': 2, 'id': 13, 'title': 'dolorum ut in voluptas mollitia et saepe quo animi', 'body': 'aut dicta possimus sint mollitia voluptas commodi quo doloremque\niste corrupti reiciendis voluptatem ei...</var>
<kw name="Validate Dict" library="Validate_Dict">
<arg>${element}</arg>
<arg>${POSTS}</arg>
<for flavor="IN">
<var>${key}</var>
<value>@{SECOND_LIST}</value>
<iter>
<var name="${key}">userId</var>
<kw name="Dictionary Should Contain Key" library="Collections">
<arg>${FIRST_LIST}</arg>
<arg>${key}</arg>
<doc>Fails if ``key`` is not found from ``dictionary``.</doc>
<status status="PASS" starttime="20240212 15:15:30.974" endtime="20240212 15:15:30.975"/>
</kw>
<status status="PASS" starttime="20240212 15:15:30.974" endtime="20240212 15:15:30.975"/>
</iter>
<iter>
<var name="${key}">id</var>
<kw name="Dictionary Should Contain Key" library="Collections">
<arg>${FIRST_LIST}</arg>
<arg>${key}</arg>
<doc>Fails if ``key`` is not found from ``dictionary``.</doc>
<status status="PASS" starttime="20240212 15:15:30.975" endtime="20240212 15:15:30.975"/>
</kw>
<status status="PASS" starttime="20240212 15:15:30.975" endtime="20240212 15:15:30.975"/>
</iter>
<iter>
<var name="${key}">title</var>
<kw name="Dictionary Should Contain Key" library="Collections">
<arg>${FIRST_LIST}</arg>
<arg>${key}</arg>
<doc>Fails if ``key`` is not found from ``dictionary``.</doc>
<status status="PASS" starttime="20240212 15:15:30.975" endtime="20240212 15:15:30.975"/>
</kw>
<status status="PASS" starttime="20240212 15:15:30.975" endtime="20240212 15:15:30.975"/>
</iter>
<iter>
<var name="${key}">body</var>
<kw name="Dictionary Should Contain Key" library="Collections">
<arg>${FIRST_LIST}</arg>
<arg>${key}</arg>
<doc>Fails if ``key`` is not found from ``dictionary``.</doc>
<status status="PASS" starttime="20240212 15:15:30.975" endtime="20240212 15:15:30.976"/>
</kw>
<status status="PASS" starttime="20240212 15:15:30.975" endtime="20240212 15:15:30.976"/>
</iter>
<status status="PASS" starttime="20240212 15:15:30.974" endtime="20240212 15:15:30.976"/>
</for>
<status status="PASS" starttime="20240212 15:15:30.974" endtime="20240212 15:15:30.976"/>
</kw>
<status status="PASS" starttime="20240212 15:15:30.974" endtime="20240212 15:15:30.976"/>
</iter>
<iter>
<var name="${element}">{'userId': 2, 'id': 14, 'title': 'voluptatem eligendi optio', 'body': 'fuga et accusamus dolorum perferendis illo voluptas\nnon doloremque neque facere\nad qui dolorum molestiae beatae\nsed aut volupt...</var>
<kw name="Validate Dict" library="Validate_Dict">
<arg>${element}</arg>
<arg>${POSTS}</arg>
<for flavor="IN">
<var>${key}</var>
<value>@{SECOND_LIST}</value>
<iter>
<var name="${key}">userId</var>
<kw name="Dictionary Should Contain Key" library="Collections">
<arg>${FIRST_LIST}</arg>
<arg>${key}</arg>
<doc>Fails if ``key`` is not found from ``dictionary``.</doc>
<status status="PASS" starttime="20240212 15:15:30.976" endtime="20240212 15:15:30.976"/>
</kw>
<status status="PASS" starttime="20240212 15:15:30.976" endtime="20240212 15:15:30.976"/>
</iter>
<iter>
<var name="${key}">id</var>
<kw name="Dictionary Should Contain Key" library="Collections">
<arg>${FIRST_LIST}</arg>
<arg>${key}</arg>
<doc>Fails if ``key`` is not found from ``dictionary``.</doc>
<status status="PASS" starttime="20240212 15:15:30.977" endtime="20240212 15:15:30.977"/>
</kw>
<status status="PASS" starttime="20240212 15:15:30.976" endtime="20240212 15:15:30.977"/>
</iter>
<iter>
<var name="${key}">title</var>
<kw name="Dictionary Should Contain Key" library="Collections">
<arg>${FIRST_LIST}</arg>
<arg>${key}</arg>
<doc>Fails if ``key`` is not found from ``dictionary``.</doc>
<status status="PASS" starttime="20240212 15:15:30.977" endtime="20240212 15:15:30.978"/>
</kw>
<status status="PASS" starttime="20240212 15:15:30.977" endtime="20240212 15:15:30.978"/>
</iter>
<iter>
<var name="${key}">body</var>
<kw name="Dictionary Should Contain Key" library="Collections">
<arg>${FIRST_LIST}</arg>
<arg>${key}</arg>
<doc>Fails if ``key`` is not found from ``dictionary``.</doc>
<status status="PASS" starttime="20240212 15:15:30.978" endtime="20240212 15:15:30.978"/>
</kw>
<status status="PASS" starttime="20240212 15:15:30.978" endtime="20240212 15:15:30.978"/>
</iter>
<status status="PASS" starttime="20240212 15:15:30.976" endtime="20240212 15:15:30.978"/>
</for>
<status status="PASS" starttime="20240212 15:15:30.976" endtime="20240212 15:15:30.978"/>
</kw>
<status status="PASS" starttime="20240212 15:15:30.976" endtime="20240212 15:15:30.978"/>
</iter>
<iter>
<var name="${element}">{'userId': 2, 'id': 15, 'title': 'eveniet quod temporibus', 'body': 'reprehenderit quos placeat\nvelit minima officia dolores impedit repudiandae molestiae nam\nvoluptas recusandae quis delectus\noffi...</var>
<kw name="Validate Dict" library="Validate_Dict">
<arg>${element}</arg>
<arg>${POSTS}</arg>
<for flavor="IN">
<var>${key}</var>
<value>@{SECOND_LIST}</value>
<iter>
<var name="${key}">userId</var>
<kw name="Dictionary Should Contain Key" library="Collections">
<arg>${FIRST_LIST}</arg>
<arg>${key}</arg>
<doc>Fails if ``key`` is not found from ``dictionary``.</doc>
<status status="PASS" starttime="20240212 15:15:30.979" endtime="20240212 15:15:30.979"/>
</kw>
<status status="PASS" starttime="20240212 15:15:30.979" endtime="20240212 15:15:30.980"/>
</iter>
<iter>
<var name="${key}">id</var>
<kw name="Dictionary Should Contain Key" library="Collections">
<arg>${FIRST_LIST}</arg>
<arg>${key}</arg>
<doc>Fails if ``key`` is not found from ``dictionary``.</doc>
<status status="PASS" starttime="20240212 15:15:30.980" endtime="20240212 15:15:30.980"/>
</kw>
<status status="PASS" starttime="20240212 15:15:30.980" endtime="20240212 15:15:30.980"/>
</iter>
<iter>
<var name="${key}">title</var>
<kw name="Dictionary Should Contain Key" library="Collections">
<arg>${FIRST_LIST}</arg>
<arg>${key}</arg>
<doc>Fails if ``key`` is not found from ``dictionary``.</doc>
<status status="PASS" starttime="20240212 15:15:30.980" endtime="20240212 15:15:30.980"/>
</kw>
<status status="PASS" starttime="20240212 15:15:30.980" endtime="20240212 15:15:30.980"/>
</iter>
<iter>
<var name="${key}">body</var>
<kw name="Dictionary Should Contain Key" library="Collections">
<arg>${FIRST_LIST}</arg>
<arg>${key}</arg>
<doc>Fails if ``key`` is not found from ``dictionary``.</doc>
<status status="PASS" starttime="20240212 15:15:30.980" endtime="20240212 15:15:30.982"/>
</kw>
<status status="PASS" starttime="20240212 15:15:30.980" endtime="20240212 15:15:30.982"/>
</iter>
<status status="PASS" starttime="20240212 15:15:30.979" endtime="20240212 15:15:30.982"/>
</for>
<status status="PASS" starttime="20240212 15:15:30.978" endtime="20240212 15:15:30.982"/>
</kw>
<status status="PASS" starttime="20240212 15:15:30.978" endtime="20240212 15:15:30.982"/>
</iter>
<iter>
<var name="${element}">{'userId': 2, 'id': 16, 'title': 'sint suscipit perspiciatis velit dolorum rerum ipsa laboriosam odio', 'body': 'suscipit nam nisi quo aperiam aut\nasperiores eos fugit maiores voluptatibus quia\nvolu...</var>
<kw name="Validate Dict" library="Validate_Dict">
<arg>${element}</arg>
<arg>${POSTS}</arg>
<for flavor="IN">
<var>${key}</var>
<value>@{SECOND_LIST}</value>
<iter>
<var name="${key}">userId</var>
<kw name="Dictionary Should Contain Key" library="Collections">
<arg>${FIRST_LIST}</arg>
<arg>${key}</arg>
<doc>Fails if ``key`` is not found from ``dictionary``.</doc>
<status status="PASS" starttime="20240212 15:15:30.982" endtime="20240212 15:15:30.982"/>
</kw>
<status status="PASS" starttime="20240212 15:15:30.982" endtime="20240212 15:15:30.982"/>
</iter>
<iter>
<var name="${key}">id</var>
<kw name="Dictionary Should Contain Key" library="Collections">
<arg>${FIRST_LIST}</arg>
<arg>${key}</arg>
<doc>Fails if ``key`` is not found from ``dictionary``.</doc>
<status status="PASS" starttime="20240212 15:15:30.983" endtime="20240212 15:15:30.983"/>
</kw>
<status status="PASS" starttime="20240212 15:15:30.982" endtime="20240212 15:15:30.983"/>
</iter>
<iter>
<var name="${key}">title</var>
<kw name="Dictionary Should Contain Key" library="Collections">
<arg>${FIRST_LIST}</arg>
<arg>${key}</arg>
<doc>Fails if ``key`` is not found from ``dictionary``.</doc>
<status status="PASS" starttime="20240212 15:15:30.983" endtime="20240212 15:15:30.983"/>
</kw>
<status status="PASS" starttime="20240212 15:15:30.983" endtime="20240212 15:15:30.983"/>
</iter>
<iter>
<var name="${key}">body</var>
<kw name="Dictionary Should Contain Key" library="Collections">
<arg>${FIRST_LIST}</arg>
<arg>${key}</arg>
<doc>Fails if ``key`` is not found from ``dictionary``.</doc>
<status status="PASS" starttime="20240212 15:15:30.983" endtime="20240212 15:15:30.983"/>
</kw>
<status status="PASS" starttime="20240212 15:15:30.983" endtime="20240212 15:15:30.983"/>
</iter>
<status status="PASS" starttime="20240212 15:15:30.982" endtime="20240212 15:15:30.983"/>
</for>
<status status="PASS" starttime="20240212 15:15:30.982" endtime="20240212 15:15:30.983"/>
</kw>
<status status="PASS" starttime="20240212 15:15:30.982" endtime="20240212 15:15:30.983"/>
</iter>
<iter>
<var name="${element}">{'userId': 2, 'id': 17, 'title': 'fugit voluptas sed molestias voluptatem provident', 'body': 'eos voluptas et aut odit natus earum\naspernatur fuga molestiae ullam\ndeserunt ratione qui eos\nqui nihi...</var>
<kw name="Validate Dict" library="Validate_Dict">
<arg>${element}</arg>
<arg>${POSTS}</arg>
<for flavor="IN">
<var>${key}</var>
<value>@{SECOND_LIST}</value>
<iter>
<var name="${key}">userId</var>
<kw name="Dictionary Should Contain Key" library="Collections">
<arg>${FIRST_LIST}</arg>
<arg>${key}</arg>
<doc>Fails if ``key`` is not found from ``dictionary``.</doc>
<status status="PASS" starttime="20240212 15:15:30.984" endtime="20240212 15:15:30.984"/>
</kw>
<status status="PASS" starttime="20240212 15:15:30.984" endtime="20240212 15:15:30.984"/>
</iter>
<iter>
<var name="${key}">id</var>
<kw name="Dictionary Should Contain Key" library="Collections">
<arg>${FIRST_LIST}</arg>
<arg>${key}</arg>
<doc>Fails if ``key`` is not found from ``dictionary``.</doc>
<status status="PASS" starttime="20240212 15:15:30.984" endtime="20240212 15:15:30.984"/>
</kw>
<status status="PASS" starttime="20240212 15:15:30.984" endtime="20240212 15:15:30.984"/>
</iter>
<iter>
<var name="${key}">title</var>
<kw name="Dictionary Should Contain Key" library="Collections">
<arg>${FIRST_LIST}</arg>
<arg>${key}</arg>
<doc>Fails if ``key`` is not found from ``dictionary``.</doc>
<status status="PASS" starttime="20240212 15:15:30.984" endtime="20240212 15:15:30.985"/>
</kw>
<status status="PASS" starttime="20240212 15:15:30.984" endtime="20240212 15:15:30.985"/>
</iter>
<iter>
<var name="${key}">body</var>
<kw name="Dictionary Should Contain Key" library="Collections">
<arg>${FIRST_LIST}</arg>
<arg>${key}</arg>
<doc>Fails if ``key`` is not found from ``dictionary``.</doc>
<status status="PASS" starttime="20240212 15:15:30.985" endtime="20240212 15:15:30.985"/>
</kw>
<status status="PASS" starttime="20240212 15:15:30.985" endtime="20240212 15:15:30.985"/>
</iter>
<status status="PASS" starttime="20240212 15:15:30.984" endtime="20240212 15:15:30.985"/>
</for>
<status status="PASS" starttime="20240212 15:15:30.983" endtime="20240212 15:15:30.985"/>
</kw>
<status status="PASS" starttime="20240212 15:15:30.983" endtime="20240212 15:15:30.985"/>
</iter>
<iter>
<var name="${element}">{'userId': 2, 'id': 18, 'title': 'voluptate et itaque vero tempora molestiae', 'body': 'eveniet quo quis\nlaborum totam consequatur non dolor\nut et est repudiandae\nest voluptatem vel debitis et magn...</var>
<kw name="Validate Dict" library="Validate_Dict">
<arg>${element}</arg>
<arg>${POSTS}</arg>
<for flavor="IN">
<var>${key}</var>
<value>@{SECOND_LIST}</value>
<iter>
<var name="${key}">userId</var>
<kw name="Dictionary Should Contain Key" library="Collections">
<arg>${FIRST_LIST}</arg>
<arg>${key}</arg>
<doc>Fails if ``key`` is not found from ``dictionary``.</doc>
<status status="PASS" starttime="20240212 15:15:30.985" endtime="20240212 15:15:30.986"/>
</kw>
<status status="PASS" starttime="20240212 15:15:30.985" endtime="20240212 15:15:30.986"/>
</iter>
<iter>
<var name="${key}">id</var>
<kw name="Dictionary Should Contain Key" library="Collections">
<arg>${FIRST_LIST}</arg>
<arg>${key}</arg>
<doc>Fails if ``key`` is not found from ``dictionary``.</doc>
<status status="PASS" starttime="20240212 15:15:30.986" endtime="20240212 15:15:30.986"/>
</kw>
<status status="PASS" starttime="20240212 15:15:30.986" endtime="20240212 15:15:30.986"/>
</iter>
<iter>
<var name="${key}">title</var>
<kw name="Dictionary Should Contain Key" library="Collections">
<arg>${FIRST_LIST}</arg>
<arg>${key}</arg>
<doc>Fails if ``key`` is not found from ``dictionary``.</doc>
<status status="PASS" starttime="20240212 15:15:30.986" endtime="20240212 15:15:30.986"/>
</kw>
<status status="PASS" starttime="20240212 15:15:30.986" endtime="20240212 15:15:30.986"/>
</iter>
<iter>
<var name="${key}">body</var>
<kw name="Dictionary Should Contain Key" library="Collections">
<arg>${FIRST_LIST}</arg>
<arg>${key}</arg>
<doc>Fails if ``key`` is not found from ``dictionary``.</doc>
<status status="PASS" starttime="20240212 15:15:30.987" endtime="20240212 15:15:30.987"/>
</kw>
<status status="PASS" starttime="20240212 15:15:30.986" endtime="20240212 15:15:30.987"/>
</iter>
<status status="PASS" starttime="20240212 15:15:30.985" endtime="20240212 15:15:30.987"/>
</for>
<status status="PASS" starttime="20240212 15:15:30.985" endtime="20240212 15:15:30.987"/>
</kw>
<status status="PASS" starttime="20240212 15:15:30.985" endtime="20240212 15:15:30.987"/>
</iter>
<iter>
<var name="${element}">{'userId': 2, 'id': 19, 'title': 'adipisci placeat illum aut reiciendis qui', 'body': 'illum quis cupiditate provident sit magnam\nea sed aut omnis\nveniam maiores ullam consequatur atque\nadipisci qu...</var>
<kw name="Validate Dict" library="Validate_Dict">
<arg>${element}</arg>
<arg>${POSTS}</arg>
<for flavor="IN">
<var>${key}</var>
<value>@{SECOND_LIST}</value>
<iter>
<var name="${key}">userId</var>
<kw name="Dictionary Should Contain Key" library="Collections">
<arg>${FIRST_LIST}</arg>
<arg>${key}</arg>
<doc>Fails if ``key`` is not found from ``dictionary``.</doc>
<status status="PASS" starttime="20240212 15:15:30.987" endtime="20240212 15:15:30.987"/>
</kw>
<status status="PASS" starttime="20240212 15:15:30.987" endtime="20240212 15:15:30.987"/>
</iter>
<iter>
<var name="${key}">id</var>
<kw name="Dictionary Should Contain Key" library="Collections">
<arg>${FIRST_LIST}</arg>
<arg>${key}</arg>
<doc>Fails if ``key`` is not found from ``dictionary``.</doc>
<status status="PASS" starttime="20240212 15:15:30.988" endtime="20240212 15:15:30.988"/>
</kw>
<status status="PASS" starttime="20240212 15:15:30.988" endtime="20240212 15:15:30.988"/>
</iter>
<iter>
<var name="${key}">title</var>
<kw name="Dictionary Should Contain Key" library="Collections">
<arg>${FIRST_LIST}</arg>
<arg>${key}</arg>
<doc>Fails if ``key`` is not found from ``dictionary``.</doc>
<status status="PASS" starttime="20240212 15:15:30.988" endtime="20240212 15:15:30.988"/>
</kw>
<status status="PASS" starttime="20240212 15:15:30.988" endtime="20240212 15:15:30.988"/>
</iter>
<iter>
<var name="${key}">body</var>
<kw name="Dictionary Should Contain Key" library="Collections">
<arg>${FIRST_LIST}</arg>
<arg>${key}</arg>
<doc>Fails if ``key`` is not found from ``dictionary``.</doc>
<status status="PASS" starttime="20240212 15:15:30.988" endtime="20240212 15:15:30.988"/>
</kw>
<status status="PASS" starttime="20240212 15:15:30.988" endtime="20240212 15:15:30.988"/>
</iter>
<status status="PASS" starttime="20240212 15:15:30.987" endtime="20240212 15:15:30.988"/>
</for>
<status status="PASS" starttime="20240212 15:15:30.987" endtime="20240212 15:15:30.988"/>
</kw>
<status status="PASS" starttime="20240212 15:15:30.987" endtime="20240212 15:15:30.988"/>
</iter>
<iter>
<var name="${element}">{'userId': 2, 'id': 20, 'title': 'doloribus ad provident suscipit at', 'body': 'qui consequuntur ducimus possimus quisquam amet similique\nsuscipit porro ipsam amet\neos veritatis officiis exercitatio...</var>
<kw name="Validate Dict" library="Validate_Dict">
<arg>${element}</arg>
<arg>${POSTS}</arg>
<for flavor="IN">
<var>${key}</var>
<value>@{SECOND_LIST}</value>
<iter>
<var name="${key}">userId</var>
<kw name="Dictionary Should Contain Key" library="Collections">
<arg>${FIRST_LIST}</arg>
<arg>${key}</arg>
<doc>Fails if ``key`` is not found from ``dictionary``.</doc>
<status status="PASS" starttime="20240212 15:15:30.989" endtime="20240212 15:15:30.989"/>
</kw>
<status status="PASS" starttime="20240212 15:15:30.989" endtime="20240212 15:15:30.989"/>
</iter>
<iter>
<var name="${key}">id</var>
<kw name="Dictionary Should Contain Key" library="Collections">
<arg>${FIRST_LIST}</arg>
<arg>${key}</arg>
<doc>Fails if ``key`` is not found from ``dictionary``.</doc>
<status status="PASS" starttime="20240212 15:15:30.989" endtime="20240212 15:15:30.989"/>
</kw>
<status status="PASS" starttime="20240212 15:15:30.989" endtime="20240212 15:15:30.989"/>
</iter>
<iter>
<var name="${key}">title</var>
<kw name="Dictionary Should Contain Key" library="Collections">
<arg>${FIRST_LIST}</arg>
<arg>${key}</arg>
<doc>Fails if ``key`` is not found from ``dictionary``.</doc>
<status status="PASS" starttime="20240212 15:15:30.989" endtime="20240212 15:15:30.989"/>
</kw>
<status status="PASS" starttime="20240212 15:15:30.989" endtime="20240212 15:15:30.989"/>
</iter>
<iter>
<var name="${key}">body</var>
<kw name="Dictionary Should Contain Key" library="Collections">
<arg>${FIRST_LIST}</arg>
<arg>${key}</arg>
<doc>Fails if ``key`` is not found from ``dictionary``.</doc>
<status status="PASS" starttime="20240212 15:15:30.989" endtime="20240212 15:15:30.989"/>
</kw>
<status status="PASS" starttime="20240212 15:15:30.989" endtime="20240212 15:15:30.989"/>
</iter>
<status status="PASS" starttime="20240212 15:15:30.989" endtime="20240212 15:15:30.989"/>
</for>
<status status="PASS" starttime="20240212 15:15:30.989" endtime="20240212 15:15:30.989"/>
</kw>
<status status="PASS" starttime="20240212 15:15:30.988" endtime="20240212 15:15:30.989"/>
</iter>
<iter>
<var name="${element}">{'userId': 3, 'id': 21, 'title': 'asperiores ea ipsam voluptatibus modi minima quia sint', 'body': 'repellat aliquid praesentium dolorem quo\nsed totam minus non itaque\nnihil labore molestiae sunt do...</var>
<kw name="Validate Dict" library="Validate_Dict">
<arg>${element}</arg>
<arg>${POSTS}</arg>
<for flavor="IN">
<var>${key}</var>
<value>@{SECOND_LIST}</value>
<iter>
<var name="${key}">userId</var>
<kw name="Dictionary Should Contain Key" library="Collections">
<arg>${FIRST_LIST}</arg>
<arg>${key}</arg>
<doc>Fails if ``key`` is not found from ``dictionary``.</doc>
<status status="PASS" starttime="20240212 15:15:30.991" endtime="20240212 15:15:30.992"/>
</kw>
<status status="PASS" starttime="20240212 15:15:30.991" endtime="20240212 15:15:30.992"/>
</iter>
<iter>
<var name="${key}">id</var>
<kw name="Dictionary Should Contain Key" library="Collections">
<arg>${FIRST_LIST}</arg>
<arg>${key}</arg>
<doc>Fails if ``key`` is not found from ``dictionary``.</doc>
<status status="PASS" starttime="20240212 15:15:30.992" endtime="20240212 15:15:30.993"/>
</kw>
<status status="PASS" starttime="20240212 15:15:30.992" endtime="20240212 15:15:30.993"/>
</iter>
<iter>
<var name="${key}">title</var>
<kw name="Dictionary Should Contain Key" library="Collections">
<arg>${FIRST_LIST}</arg>
<arg>${key}</arg>
<doc>Fails if ``key`` is not found from ``dictionary``.</doc>
<status status="PASS" starttime="20240212 15:15:30.993" endtime="20240212 15:15:30.993"/>
</kw>
<status status="PASS" starttime="20240212 15:15:30.993" endtime="20240212 15:15:30.993"/>
</iter>
<iter>
<var name="${key}">body</var>
<kw name="Dictionary Should Contain Key" library="Collections">
<arg>${FIRST_LIST}</arg>
<arg>${key}</arg>
<doc>Fails if ``key`` is not found from ``dictionary``.</doc>
<status status="PASS" starttime="20240212 15:15:30.994" endtime="20240212 15:15:30.994"/>
</kw>
<status status="PASS" starttime="20240212 15:15:30.994" endtime="20240212 15:15:30.994"/>
</iter>
<status status="PASS" starttime="20240212 15:15:30.991" endtime="20240212 15:15:30.994"/>
</for>
<status status="PASS" starttime="20240212 15:15:30.989" endtime="20240212 15:15:30.994"/>
</kw>
<status status="PASS" starttime="20240212 15:15:30.989" endtime="20240212 15:15:30.994"/>
</iter>
<iter>
<var name="${element}">{'userId': 3, 'id': 22, 'title': 'dolor sint quo a velit explicabo quia nam', 'body': 'eos qui et ipsum ipsam suscipit aut\nsed omnis non odio\nexpedita earum mollitia molestiae aut atque rem suscipit...</var>
<kw name="Validate Dict" library="Validate_Dict">
<arg>${element}</arg>
<arg>${POSTS}</arg>
<for flavor="IN">
<var>${key}</var>
<value>@{SECOND_LIST}</value>
<iter>
<var name="${key}">userId</var>
<kw name="Dictionary Should Contain Key" library="Collections">
<arg>${FIRST_LIST}</arg>
<arg>${key}</arg>
<doc>Fails if ``key`` is not found from ``dictionary``.</doc>
<status status="PASS" starttime="20240212 15:15:30.995" endtime="20240212 15:15:30.995"/>
</kw>
<status status="PASS" starttime="20240212 15:15:30.995" endtime="20240212 15:15:30.995"/>
</iter>
<iter>
<var name="${key}">id</var>
<kw name="Dictionary Should Contain Key" library="Collections">
<arg>${FIRST_LIST}</arg>
<arg>${key}</arg>
<doc>Fails if ``key`` is not found from ``dictionary``.</doc>
<status status="PASS" starttime="20240212 15:15:30.995" endtime="20240212 15:15:30.995"/>
</kw>
<status status="PASS" starttime="20240212 15:15:30.995" endtime="20240212 15:15:30.995"/>
</iter>
<iter>
<var name="${key}">title</var>
<kw name="Dictionary Should Contain Key" library="Collections">
<arg>${FIRST_LIST}</arg>
<arg>${key}</arg>
<doc>Fails if ``key`` is not found from ``dictionary``.</doc>
<status status="PASS" starttime="20240212 15:15:30.995" endtime="20240212 15:15:30.996"/>
</kw>
<status status="PASS" starttime="20240212 15:15:30.995" endtime="20240212 15:15:30.996"/>
</iter>
<iter>
<var name="${key}">body</var>
<kw name="Dictionary Should Contain Key" library="Collections">
<arg>${FIRST_LIST}</arg>
<arg>${key}</arg>
<doc>Fails if ``key`` is not found from ``dictionary``.</doc>
<status status="PASS" starttime="20240212 15:15:30.996" endtime="20240212 15:15:30.996"/>
</kw>
<status status="PASS" starttime="20240212 15:15:30.996" endtime="20240212 15:15:30.996"/>
</iter>
<status status="PASS" starttime="20240212 15:15:30.995" endtime="20240212 15:15:30.996"/>
</for>
<status status="PASS" starttime="20240212 15:15:30.995" endtime="20240212 15:15:30.996"/>
</kw>
<status status="PASS" starttime="20240212 15:15:30.994" endtime="20240212 15:15:30.996"/>
</iter>
<iter>
<var name="${element}">{'userId': 3, 'id': 23, 'title': 'maxime id vitae nihil numquam', 'body': 'veritatis unde neque eligendi\nquae quod architecto quo neque vitae\nest illo sit tempora doloremque fugit quod\net et vel be...</var>
<kw name="Validate Dict" library="Validate_Dict">
<arg>${element}</arg>
<arg>${POSTS}</arg>
<for flavor="IN">
<var>${key}</var>
<value>@{SECOND_LIST}</value>
<iter>
<var name="${key}">userId</var>
<kw name="Dictionary Should Contain Key" library="Collections">
<arg>${FIRST_LIST}</arg>
<arg>${key}</arg>
<doc>Fails if ``key`` is not found from ``dictionary``.</doc>
<status status="PASS" starttime="20240212 15:15:30.997" endtime="20240212 15:15:30.997"/>
</kw>
<status status="PASS" starttime="20240212 15:15:30.996" endtime="20240212 15:15:30.997"/>
</iter>
<iter>
<var name="${key}">id</var>
<kw name="Dictionary Should Contain Key" library="Collections">
<arg>${FIRST_LIST}</arg>
<arg>${key}</arg>
<doc>Fails if ``key`` is not found from ``dictionary``.</doc>
<status status="PASS" starttime="20240212 15:15:30.997" endtime="20240212 15:15:30.997"/>
</kw>
<status status="PASS" starttime="20240212 15:15:30.997" endtime="20240212 15:15:30.997"/>
</iter>
<iter>
<var name="${key}">title</var>
<kw name="Dictionary Should Contain Key" library="Collections">
<arg>${FIRST_LIST}</arg>
<arg>${key}</arg>
<doc>Fails if ``key`` is not found from ``dictionary``.</doc>
<status status="PASS" starttime="20240212 15:15:30.997" endtime="20240212 15:15:30.997"/>
</kw>
<status status="PASS" starttime="20240212 15:15:30.997" endtime="20240212 15:15:30.997"/>
</iter>
<iter>
<var name="${key}">body</var>
<kw name="Dictionary Should Contain Key" library="Collections">
<arg>${FIRST_LIST}</arg>
<arg>${key}</arg>
<doc>Fails if ``key`` is not found from ``dictionary``.</doc>
<status status="PASS" starttime="20240212 15:15:30.997" endtime="20240212 15:15:30.997"/>
</kw>
<status status="PASS" starttime="20240212 15:15:30.997" endtime="20240212 15:15:30.997"/>
</iter>
<status status="PASS" starttime="20240212 15:15:30.996" endtime="20240212 15:15:30.997"/>
</for>
<status status="PASS" starttime="20240212 15:15:30.996" endtime="20240212 15:15:30.998"/>
</kw>
<status status="PASS" starttime="20240212 15:15:30.996" endtime="20240212 15:15:30.998"/>
</iter>
<iter>
<var name="${element}">{'userId': 3, 'id': 24, 'title': 'autem hic labore sunt dolores incidunt', 'body': 'enim et ex nulla\nomnis voluptas quia qui\nvoluptatem consequatur numquam aliquam sunt\ntotam recusandae id dignissi...</var>
<kw name="Validate Dict" library="Validate_Dict">
<arg>${element}</arg>
<arg>${POSTS}</arg>
<for flavor="IN">
<var>${key}</var>
<value>@{SECOND_LIST}</value>
<iter>
<var name="${key}">userId</var>
<kw name="Dictionary Should Contain Key" library="Collections">
<arg>${FIRST_LIST}</arg>
<arg>${key}</arg>
<doc>Fails if ``key`` is not found from ``dictionary``.</doc>
<status status="PASS" starttime="20240212 15:15:30.998" endtime="20240212 15:15:30.998"/>
</kw>
<status status="PASS" starttime="20240212 15:15:30.998" endtime="20240212 15:15:30.998"/>
</iter>
<iter>
<var name="${key}">id</var>
<kw name="Dictionary Should Contain Key" library="Collections">
<arg>${FIRST_LIST}</arg>
<arg>${key}</arg>
<doc>Fails if ``key`` is not found from ``dictionary``.</doc>
<status status="PASS" starttime="20240212 15:15:30.998" endtime="20240212 15:15:30.998"/>
</kw>
<status status="PASS" starttime="20240212 15:15:30.998" endtime="20240212 15:15:30.998"/>
</iter>
<iter>
<var name="${key}">title</var>
<kw name="Dictionary Should Contain Key" library="Collections">
<arg>${FIRST_LIST}</arg>
<arg>${key}</arg>
<doc>Fails if ``key`` is not found from ``dictionary``.</doc>
<status status="PASS" starttime="20240212 15:15:30.998" endtime="20240212 15:15:30.999"/>
</kw>
<status status="PASS" starttime="20240212 15:15:30.998" endtime="20240212 15:15:30.999"/>
</iter>
<iter>
<var name="${key}">body</var>
<kw name="Dictionary Should Contain Key" library="Collections">
<arg>${FIRST_LIST}</arg>
<arg>${key}</arg>
<doc>Fails if ``key`` is not found from ``dictionary``.</doc>
<status status="PASS" starttime="20240212 15:15:30.999" endtime="20240212 15:15:30.999"/>
</kw>
<status status="PASS" starttime="20240212 15:15:30.999" endtime="20240212 15:15:30.999"/>
</iter>
<status status="PASS" starttime="20240212 15:15:30.998" endtime="20240212 15:15:30.999"/>
</for>
<status status="PASS" starttime="20240212 15:15:30.998" endtime="20240212 15:15:30.999"/>
</kw>
<status status="PASS" starttime="20240212 15:15:30.998" endtime="20240212 15:15:30.999"/>
</iter>
<iter>
<var name="${element}">{'userId': 3, 'id': 25, 'title': 'rem alias distinctio quo quis', 'body': 'ullam consequatur ut\nomnis quis sit vel consequuntur\nipsa eligendi ipsum molestiae et omnis error nostrum\nmolestiae illo t...</var>
<kw name="Validate Dict" library="Validate_Dict">
<arg>${element}</arg>
<arg>${POSTS}</arg>
<for flavor="IN">
<var>${key}</var>
<value>@{SECOND_LIST}</value>
<iter>
<var name="${key}">userId</var>
<kw name="Dictionary Should Contain Key" library="Collections">
<arg>${FIRST_LIST}</arg>
<arg>${key}</arg>
<doc>Fails if ``key`` is not found from ``dictionary``.</doc>
<status status="PASS" starttime="20240212 15:15:30.999" endtime="20240212 15:15:30.999"/>
</kw>
<status status="PASS" starttime="20240212 15:15:30.999" endtime="20240212 15:15:30.999"/>
</iter>
<iter>
<var name="${key}">id</var>
<kw name="Dictionary Should Contain Key" library="Collections">
<arg>${FIRST_LIST}</arg>
<arg>${key}</arg>
<doc>Fails if ``key`` is not found from ``dictionary``.</doc>
<status status="PASS" starttime="20240212 15:15:30.999" endtime="20240212 15:15:31.000"/>
</kw>
<status status="PASS" starttime="20240212 15:15:30.999" endtime="20240212 15:15:31.000"/>
</iter>
<iter>
<var name="${key}">title</var>
<kw name="Dictionary Should Contain Key" library="Collections">
<arg>${FIRST_LIST}</arg>
<arg>${key}</arg>
<doc>Fails if ``key`` is not found from ``dictionary``.</doc>
<status status="PASS" starttime="20240212 15:15:31.000" endtime="20240212 15:15:31.000"/>
</kw>
<status status="PASS" starttime="20240212 15:15:31.000" endtime="20240212 15:15:31.000"/>
</iter>
<iter>
<var name="${key}">body</var>
<kw name="Dictionary Should Contain Key" library="Collections">
<arg>${FIRST_LIST}</arg>
<arg>${key}</arg>
<doc>Fails if ``key`` is not found from ``dictionary``.</doc>
<status status="PASS" starttime="20240212 15:15:31.001" endtime="20240212 15:15:31.001"/>
</kw>
<status status="PASS" starttime="20240212 15:15:31.000" endtime="20240212 15:15:31.001"/>
</iter>
<status status="PASS" starttime="20240212 15:15:30.999" endtime="20240212 15:15:31.001"/>
</for>
<status status="PASS" starttime="20240212 15:15:30.999" endtime="20240212 15:15:31.001"/>
</kw>
<status status="PASS" starttime="20240212 15:15:30.999" endtime="20240212 15:15:31.001"/>
</iter>
<iter>
<var name="${element}">{'userId': 3, 'id': 26, 'title': 'est et quae odit qui non', 'body': 'similique esse doloribus nihil accusamus\nomnis dolorem fuga consequuntur reprehenderit fugit recusandae temporibus\nperspiciatis ...</var>
<kw name="Validate Dict" library="Validate_Dict">
<arg>${element}</arg>
<arg>${POSTS}</arg>
<for flavor="IN">
<var>${key}</var>
<value>@{SECOND_LIST}</value>
<iter>
<var name="${key}">userId</var>
<kw name="Dictionary Should Contain Key" library="Collections">
<arg>${FIRST_LIST}</arg>
<arg>${key}</arg>
<doc>Fails if ``key`` is not found from ``dictionary``.</doc>
<status status="PASS" starttime="20240212 15:15:31.002" endtime="20240212 15:15:31.002"/>
</kw>
<status status="PASS" starttime="20240212 15:15:31.002" endtime="20240212 15:15:31.002"/>
</iter>
<iter>
<var name="${key}">id</var>
<kw name="Dictionary Should Contain Key" library="Collections">
<arg>${FIRST_LIST}</arg>
<arg>${key}</arg>
<doc>Fails if ``key`` is not found from ``dictionary``.</doc>
<status status="PASS" starttime="20240212 15:15:31.002" endtime="20240212 15:15:31.002"/>
</kw>
<status status="PASS" starttime="20240212 15:15:31.002" endtime="20240212 15:15:31.002"/>
</iter>
<iter>
<var name="${key}">title</var>
<kw name="Dictionary Should Contain Key" library="Collections">
<arg>${FIRST_LIST}</arg>
<arg>${key}</arg>
<doc>Fails if ``key`` is not found from ``dictionary``.</doc>
<status status="PASS" starttime="20240212 15:15:31.002" endtime="20240212 15:15:31.002"/>
</kw>
<status status="PASS" starttime="20240212 15:15:31.002" endtime="20240212 15:15:31.002"/>
</iter>
<iter>
<var name="${key}">body</var>
<kw name="Dictionary Should Contain Key" library="Collections">
<arg>${FIRST_LIST}</arg>
<arg>${key}</arg>
<doc>Fails if ``key`` is not found from ``dictionary``.</doc>
<status status="PASS" starttime="20240212 15:15:31.003" endtime="20240212 15:15:31.003"/>
</kw>
<status status="PASS" starttime="20240212 15:15:31.002" endtime="20240212 15:15:31.003"/>
</iter>
<status status="PASS" starttime="20240212 15:15:31.002" endtime="20240212 15:15:31.003"/>
</for>
<status status="PASS" starttime="20240212 15:15:31.001" endtime="20240212 15:15:31.003"/>
</kw>
<status status="PASS" starttime="20240212 15:15:31.001" endtime="20240212 15:15:31.003"/>
</iter>
<iter>
<var name="${element}">{'userId': 3, 'id': 27, 'title': 'quasi id et eos tenetur aut quo autem', 'body': 'eum sed dolores ipsam sint possimus debitis occaecati\ndebitis qui qui et\nut placeat enim earum aut odit facilis\nco...</var>
<kw name="Validate Dict" library="Validate_Dict">
<arg>${element}</arg>
<arg>${POSTS}</arg>
<for flavor="IN">
<var>${key}</var>
<value>@{SECOND_LIST}</value>
<iter>
<var name="${key}">userId</var>
<kw name="Dictionary Should Contain Key" library="Collections">
<arg>${FIRST_LIST}</arg>
<arg>${key}</arg>
<doc>Fails if ``key`` is not found from ``dictionary``.</doc>
<status status="PASS" starttime="20240212 15:15:31.003" endtime="20240212 15:15:31.003"/>
</kw>
<status status="PASS" starttime="20240212 15:15:31.003" endtime="20240212 15:15:31.004"/>
</iter>
<iter>
<var name="${key}">id</var>
<kw name="Dictionary Should Contain Key" library="Collections">
<arg>${FIRST_LIST}</arg>
<arg>${key}</arg>
<doc>Fails if ``key`` is not found from ``dictionary``.</doc>
<status status="PASS" starttime="20240212 15:15:31.004" endtime="20240212 15:15:31.004"/>
</kw>
<status status="PASS" starttime="20240212 15:15:31.004" endtime="20240212 15:15:31.004"/>
</iter>
<iter>
<var name="${key}">title</var>
<kw name="Dictionary Should Contain Key" library="Collections">
<arg>${FIRST_LIST}</arg>
<arg>${key}</arg>
<doc>Fails if ``key`` is not found from ``dictionary``.</doc>
<status status="PASS" starttime="20240212 15:15:31.004" endtime="20240212 15:15:31.004"/>
</kw>
<status status="PASS" starttime="20240212 15:15:31.004" endtime="20240212 15:15:31.004"/>
</iter>
<iter>
<var name="${key}">body</var>
<kw name="Dictionary Should Contain Key" library="Collections">
<arg>${FIRST_LIST}</arg>
<arg>${key}</arg>
<doc>Fails if ``key`` is not found from ``dictionary``.</doc>
<status status="PASS" starttime="20240212 15:15:31.004" endtime="20240212 15:15:31.004"/>
</kw>
<status status="PASS" starttime="20240212 15:15:31.004" endtime="20240212 15:15:31.004"/>
</iter>
<status status="PASS" starttime="20240212 15:15:31.003" endtime="20240212 15:15:31.004"/>
</for>
<status status="PASS" starttime="20240212 15:15:31.003" endtime="20240212 15:15:31.004"/>
</kw>
<status status="PASS" starttime="20240212 15:15:31.003" endtime="20240212 15:15:31.004"/>
</iter>
<iter>
<var name="${element}">{'userId': 3, 'id': 28, 'title': 'delectus ullam et corporis nulla voluptas sequi', 'body': 'non et quaerat ex quae ad maiores\nmaiores recusandae totam aut blanditiis mollitia quas illo\nut voluptati...</var>
<kw name="Validate Dict" library="Validate_Dict">
<arg>${element}</arg>
<arg>${POSTS}</arg>
<for flavor="IN">
<var>${key}</var>
<value>@{SECOND_LIST}</value>
<iter>
<var name="${key}">userId</var>
<kw name="Dictionary Should Contain Key" library="Collections">
<arg>${FIRST_LIST}</arg>
<arg>${key}</arg>
<doc>Fails if ``key`` is not found from ``dictionary``.</doc>
<status status="PASS" starttime="20240212 15:15:31.005" endtime="20240212 15:15:31.005"/>
</kw>
<status status="PASS" starttime="20240212 15:15:31.005" endtime="20240212 15:15:31.005"/>
</iter>
<iter>
<var name="${key}">id</var>
<kw name="Dictionary Should Contain Key" library="Collections">
<arg>${FIRST_LIST}</arg>
<arg>${key}</arg>
<doc>Fails if ``key`` is not found from ``dictionary``.</doc>
<status status="PASS" starttime="20240212 15:15:31.005" endtime="20240212 15:15:31.005"/>
</kw>
<status status="PASS" starttime="20240212 15:15:31.005" endtime="20240212 15:15:31.005"/>
</iter>
<iter>
<var name="${key}">title</var>
<kw name="Dictionary Should Contain Key" library="Collections">
<arg>${FIRST_LIST}</arg>
<arg>${key}</arg>
<doc>Fails if ``key`` is not found from ``dictionary``.</doc>
<status status="PASS" starttime="20240212 15:15:31.006" endtime="20240212 15:15:31.006"/>
</kw>
<status status="PASS" starttime="20240212 15:15:31.005" endtime="20240212 15:15:31.006"/>
</iter>
<iter>
<var name="${key}">body</var>
<kw name="Dictionary Should Contain Key" library="Collections">
<arg>${FIRST_LIST}</arg>
<arg>${key}</arg>
<doc>Fails if ``key`` is not found from ``dictionary``.</doc>
<status status="PASS" starttime="20240212 15:15:31.006" endtime="20240212 15:15:31.006"/>
</kw>
<status status="PASS" starttime="20240212 15:15:31.006" endtime="20240212 15:15:31.006"/>
</iter>
<status status="PASS" starttime="20240212 15:15:31.005" endtime="20240212 15:15:31.006"/>
</for>
<status status="PASS" starttime="20240212 15:15:31.005" endtime="20240212 15:15:31.006"/>
</kw>
<status status="PASS" starttime="20240212 15:15:31.004" endtime="20240212 15:15:31.006"/>
</iter>
<iter>
<var name="${element}">{'userId': 3, 'id': 29, 'title': 'iusto eius quod necessitatibus culpa ea', 'body': 'odit magnam ut saepe sed non qui\ntempora atque nihil\naccusamus illum doloribus illo dolor\neligendi repudiandae o...</var>
<kw name="Validate Dict" library="Validate_Dict">
<arg>${element}</arg>
<arg>${POSTS}</arg>
<for flavor="IN">
<var>${key}</var>
<value>@{SECOND_LIST}</value>
<iter>
<var name="${key}">userId</var>
<kw name="Dictionary Should Contain Key" library="Collections">
<arg>${FIRST_LIST}</arg>
<arg>${key}</arg>
<doc>Fails if ``key`` is not found from ``dictionary``.</doc>
<status status="PASS" starttime="20240212 15:15:31.007" endtime="20240212 15:15:31.007"/>
</kw>
[...]
 body={
  "title": "That toward security whatever should believe recently. Think including whom apply nearly build manage. Again certain year true.",
  "body": [
    "World manage environmental seat his clearly easy area. Some little office thank around.",
    "Run Mrs four toward enough situation security war. Ten floor pay mission give. Player four state small relationship agree professional.\nSo experience wrong themselves letter less image.",
    "Sport moment agency fine natural. Item newspaper recognize modern door some billion key.\nRespond the political popular article culture."
  ],
  "userId": "1",
  "id": 1
} 
 </msg>
<msg timestamp="20240212 15:15:33.408" level="INFO">C:\Users\yamfo\Documents\Projetos\Robot Framework\robotframework-zomba-api\project-venv\lib\site-packages\urllib3\connectionpool.py:1103: InsecureRequestWarning: Unverified HTTPS request is being made to host 'jsonplaceholder.typicode.com'. Adding certificate verification is strongly advised. See: https://urllib3.readthedocs.io/en/latest/advanced-usage.html#tls-warnings
  warnings.warn(</msg>
<msg timestamp="20240212 15:15:33.409" level="INFO">${RESPONSE} = {'apparent_encoding': 'ascii', 'close': &lt;bound method Response.close of &lt;Response [200]&gt;&gt;, 'connection': &lt;requests.adapters.HTTPAdapter object at 0x000002317FE89FC0&gt;, 'content': b'{\n  "title": "That ...</msg>
<status status="PASS" starttime="20240212 15:15:33.018" endtime="20240212 15:15:33.409"/>
</kw>
<kw name="Should Be Equal As Strings" library="BuiltIn">
<arg>${RESPONSE.status_code}</arg>
<arg>200</arg>
<doc>Fails if objects are unequal after converting them to strings.</doc>
<msg timestamp="20240212 15:15:33.410" level="INFO">Argument types are:
&lt;class 'int'&gt;
&lt;class 'str'&gt;</msg>
<status status="PASS" starttime="20240212 15:15:33.409" endtime="20240212 15:15:33.410"/>
</kw>
<kw name="Validate Dict" library="Validate_Dict">
<arg>${RESPONSE.json()}</arg>
<arg>${POSTS}</arg>
<for flavor="IN">
<var>${key}</var>
<value>@{SECOND_LIST}</value>
<iter>
<var name="${key}">userId</var>
<kw name="Dictionary Should Contain Key" library="Collections">
<arg>${FIRST_LIST}</arg>
<arg>${key}</arg>
<doc>Fails if ``key`` is not found from ``dictionary``.</doc>
<status status="PASS" starttime="20240212 15:15:33.411" endtime="20240212 15:15:33.411"/>
</kw>
<status status="PASS" starttime="20240212 15:15:33.411" endtime="20240212 15:15:33.411"/>
</iter>
<iter>
<var name="${key}">id</var>
<kw name="Dictionary Should Contain Key" library="Collections">
<arg>${FIRST_LIST}</arg>
<arg>${key}</arg>
<doc>Fails if ``key`` is not found from ``dictionary``.</doc>
<status status="PASS" starttime="20240212 15:15:33.411" endtime="20240212 15:15:33.411"/>
</kw>
<status status="PASS" starttime="20240212 15:15:33.411" endtime="20240212 15:15:33.411"/>
</iter>
<iter>
<var name="${key}">title</var>
<kw name="Dictionary Should Contain Key" library="Collections">
<arg>${FIRST_LIST}</arg>
<arg>${key}</arg>
<doc>Fails if ``key`` is not found from ``dictionary``.</doc>
<status status="PASS" starttime="20240212 15:15:33.411" endtime="20240212 15:15:33.412"/>
</kw>
<status status="PASS" starttime="20240212 15:15:33.411" endtime="20240212 15:15:33.412"/>
</iter>
<iter>
<var name="${key}">body</var>
<kw name="Dictionary Should Contain Key" library="Collections">
<arg>${FIRST_LIST}</arg>
<arg>${key}</arg>
<doc>Fails if ``key`` is not found from ``dictionary``.</doc>
<status status="PASS" starttime="20240212 15:15:33.412" endtime="20240212 15:15:33.412"/>
</kw>
<status status="PASS" starttime="20240212 15:15:33.412" endtime="20240212 15:15:33.412"/>
</iter>
<status status="PASS" starttime="20240212 15:15:33.411" endtime="20240212 15:15:33.412"/>
</for>
<status status="PASS" starttime="20240212 15:15:33.410" endtime="20240212 15:15:33.412"/>
</kw>
<kw name="Dictionary Should Contain Item" library="Collections">
<arg>${RESPONSE.json()}</arg>
<arg>title</arg>
<arg>${title}</arg>
<doc>An item of ``key`` / ``value`` must be found in a ``dictionary``.</doc>
<status status="PASS" starttime="20240212 15:15:33.412" endtime="20240212 15:15:33.412"/>
</kw>
<kw name="Dictionary Should Contain Item" library="Collections">
<arg>${RESPONSE.json()}</arg>
<arg>body</arg>
<arg>${body}</arg>
<doc>An item of ``key`` / ``value`` must be found in a ``dictionary``.</doc>
<status status="PASS" starttime="20240212 15:15:33.412" endtime="20240212 15:15:33.413"/>
</kw>
<kw name="Dictionary Should Contain Item" library="Collections">
<arg>${RESPONSE.json()}</arg>
<arg>userId</arg>
<arg>1</arg>
<doc>An item of ``key`` / ``value`` must be found in a ``dictionary``.</doc>
<status status="PASS" starttime="20240212 15:15:33.413" endtime="20240212 15:15:33.413"/>
</kw>
<status status="PASS" starttime="20240212 15:15:33.017" endtime="20240212 15:15:33.413"/>
</kw>
<kw name="Encerrar conexão" library="Config" type="TEARDOWN">
<kw name="Log To Console" library="BuiltIn">
<arg>Requisição finalizada</arg>
<doc>Logs the given message to the console.</doc>
<status status="PASS" starttime="20240212 15:15:33.415" endtime="20240212 15:15:33.415"/>
</kw>
<status status="PASS" starttime="20240212 15:15:33.415" endtime="20240212 15:15:33.415"/>
</kw>
<status status="PASS" starttime="20240212 15:15:33.013" endtime="20240212 15:15:33.416"/>
</test>
<test id="s1-t7" name="Atualizar informação da postagem" line="33">
<kw name="Criar conexão" library="Config" type="SETUP">
<kw name="Get Enviroment Variables" library="Get_Envs">
<var>${ENVS}</var>
<msg timestamp="20240212 15:15:33.420" level="INFO">${ENVS} = {'BASE_API': 'https://jsonplaceholder.typicode.com/'}</msg>
<status status="PASS" starttime="20240212 15:15:33.419" endtime="20240212 15:15:33.420"/>
</kw>
<kw name="Set Global Variable" library="BuiltIn">
<arg>${ENVS}</arg>
<arg>${ENVS}</arg>
<doc>Makes a variable available globally in all tests and suites.</doc>
<msg timestamp="20240212 15:15:33.420" level="INFO">${ENVS} = {'BASE_API': 'https://jsonplaceholder.typicode.com/'}</msg>
<status status="PASS" starttime="20240212 15:15:33.420" endtime="20240212 15:15:33.420"/>
</kw>
<status status="PASS" starttime="20240212 15:15:33.418" endtime="20240212 15:15:33.421"/>
</kw>
<kw name="Update item in post" library="Posts">
<kw name="Text" library="FakerLibrary">
<var>${title}</var>
<doc>Generate a text string.</doc>
<msg timestamp="20240212 15:15:33.422" level="INFO">${title} = Policy themselves read gas. Main long example prove popular inside week avoid. Notice much put bank feeling.
Lead lead possible box. Trade environment become today determine actually huge.</msg>
<status status="PASS" starttime="20240212 15:15:33.421" endtime="20240212 15:15:33.422"/>
</kw>
<kw name="Create Dictionary" library="BuiltIn">
<var>${POST_ITEM}</var>
<arg>title=${title}</arg>
<doc>Creates and returns a dictionary based on the given ``items``.</doc>
<msg timestamp="20240212 15:15:33.423" level="INFO">${POST_ITEM} = {'title': 'Policy themselves read gas. Main long example prove popular inside week avoid. Notice much put bank feeling.\nLead lead possible box. Trade environment become today determine actually huge....</msg>
<status status="PASS" starttime="20240212 15:15:33.422" endtime="20240212 15:15:33.423"/>
</kw>
<kw name="Call Patch Request" library="Zoomba.APILibrary">
<var>${RESPONSE}</var>
<arg>headers=${headers}</arg>
<arg>endpoint=${ENVS['BASE_API']}</arg>
<arg>fullstring=/posts/${POST_ID}</arg>
<arg>data=${POST_ITEM}</arg>
<doc>Generate a PATCH Request. This Keyword is basically a wrapper for patch_request from the RequestsLibrary.</doc>
<msg timestamp="20240212 15:15:33.424" level="INFO">Creating Session using : alias=patchapi, url=https://jsonplaceholder.typicode.com/, headers={'Content-Type': 'application/json', 'charset': 'UTF-8'},                     cookies=None, auth=None, timeout=None, proxies=None, verify=False,                     debug=0 </msg>
<msg timestamp="20240212 15:15:33.760" level="INFO">PATCH Request : url=https://jsonplaceholder.typicode.com/posts/1 
 path_url=/posts/1 
 headers={'User-Agent': 'python-requests/2.31.0', 'Accept-Encoding': 'gzip, deflate', 'Accept': '*/*', 'Connection': 'keep-alive', 'Content-Type': 'application/json', 'charset': 'UTF-8', 'Content-Length': '202'} 
 body={"title": "Policy themselves read gas. Main long example prove popular inside week avoid. Notice much put bank feeling.\nLead lead possible box. Trade environment become today determine actually huge."} 
 </msg>
<msg timestamp="20240212 15:15:33.760" level="INFO">PATCH Response : url=https://jsonplaceholder.typicode.com/posts/1 
 status=200, reason=OK 
 headers={'Date': 'Mon, 12 Feb 2024 18:15:33 GMT', 'Content-Type': 'application/json; charset=utf-8', 'Transfer-Encoding': 'chunked', 'Connection': 'keep-alive', 'Report-To': '{"group":"heroku-nel","max_age":3600,"endpoints":[{"url":"https://nel.heroku.com/reports?ts=1707761733&amp;sid=e11707d5-02a7-43ef-b45e-2cf4d2036f7d&amp;s=RyIc8EIkdki8FgkyA28CxWcAd7KOfhRXW%2FC5c8VkAgE%3D"}]}', 'Reporting-Endpoints': 'heroku-nel=https://nel.heroku.com/reports?ts=1707761733&amp;sid=e11707d5-02a7-43ef-b45e-2cf4d2036f7d&amp;s=RyIc8EIkdki8FgkyA28CxWcAd7KOfhRXW%2FC5c8VkAgE%3D', 'Nel': '{"report_to":"heroku-nel","max_age":3600,"success_fraction":0.005,"failure_fraction":0.05,"response_headers":["Via"]}', 'X-Powered-By': 'Express', 'X-Ratelimit-Limit': '1000', 'X-Ratelimit-Remaining': '997', 'X-Ratelimit-Reset': '1707761735', 'Vary': 'Origin, Accept-Encoding', 'Access-Control-Allow-Credentials': 'true', 'Cache-Control': 'no-cache', 'Pragma': 'no-cache', 'Expires': '-1', 'X-Content-Type-Options': 'nosniff', 'Etag': 'W/"197-SvB7Wka6QyKBaR/XBS2T5RNftf8"', 'Via': '1.1 vegur', 'CF-Cache-Status': 'DYNAMIC', 'Server': 'cloudflare', 'CF-RAY': '8546d14fbc746dd3-MIA', 'Content-Encoding': 'gzip', 'alt-svc': 'h3=":443"; ma=86400'} 
 body={
  "userId": 1,
  "id": 1,
  "title": "Policy themselves read gas. Main long example prove popular inside week avoid. Notice much put bank feeling.\nLead lead possible box. Trade environment become today determine actually huge.",
  "body": "quia et suscipit\nsuscipit recusandae consequuntur expedita et cum\nreprehenderit molestiae ut ut quas totam\nnostrum rerum est autem sunt rem eveniet architecto"
} 
 </msg>
<msg timestamp="20240212 15:15:33.761" level="INFO">C:\Users\yamfo\Documents\Projetos\Robot Framework\robotframework-zomba-api\project-venv\lib\site-packages\urllib3\connectionpool.py:1103: InsecureRequestWarning: Unverified HTTPS request is being made to host 'jsonplaceholder.typicode.com'. Adding certificate verification is strongly advised. See: https://urllib3.readthedocs.io/en/latest/advanced-usage.html#tls-warnings
  warnings.warn(</msg>
<msg timestamp="20240212 15:15:33.762" level="INFO">${RESPONSE} = {'apparent_encoding': 'ascii', 'close': &lt;bound method Response.close of &lt;Response [200]&gt;&gt;, 'connection': &lt;requests.adapters.HTTPAdapter object at 0x000002317FE8B100&gt;, 'content': b'{\n  "userId": 1,\n ...</msg>
<status status="PASS" starttime="20240212 15:15:33.423" endtime="20240212 15:15:33.762"/>
</kw>
<kw name="Should Be Equal As Strings" library="BuiltIn">
<arg>${RESPONSE.status_code}</arg>
<arg>200</arg>
<doc>Fails if objects are unequal after converting them to strings.</doc>
<msg timestamp="20240212 15:15:33.763" level="INFO">Argument types are:
&lt;class 'int'&gt;
&lt;class 'str'&gt;</msg>
<status status="PASS" starttime="20240212 15:15:33.762" endtime="20240212 15:15:33.763"/>
</kw>
<kw name="Validate Dict" library="Validate_Dict">
<arg>${RESPONSE.json()}</arg>
<arg>${POSTS}</arg>
<for flavor="IN">
<var>${key}</var>
<value>@{SECOND_LIST}</value>
<iter>
<var name="${key}">userId</var>
<kw name="Dictionary Should Contain Key" library="Collections">
<arg>${FIRST_LIST}</arg>
<arg>${key}</arg>
<doc>Fails if ``key`` is not found from ``dictionary``.</doc>
<status status="PASS" starttime="20240212 15:15:33.764" endtime="20240212 15:15:33.764"/>
</kw>
<status status="PASS" starttime="20240212 15:15:33.764" endtime="20240212 15:15:33.764"/>
</iter>
<iter>
<var name="${key}">id</var>
<kw name="Dictionary Should Contain Key" library="Collections">
<arg>${FIRST_LIST}</arg>
<arg>${key}</arg>
<doc>Fails if ``key`` is not found from ``dictionary``.</doc>
<status status="PASS" starttime="20240212 15:15:33.764" endtime="20240212 15:15:33.764"/>
</kw>
<status status="PASS" starttime="20240212 15:15:33.764" endtime="20240212 15:15:33.764"/>
</iter>
<iter>
<var name="${key}">title</var>
<kw name="Dictionary Should Contain Key" library="Collections">
<arg>${FIRST_LIST}</arg>
<arg>${key}</arg>
<doc>Fails if ``key`` is not found from ``dictionary``.</doc>
<status status="PASS" starttime="20240212 15:15:33.764" endtime="20240212 15:15:33.764"/>
</kw>
<status status="PASS" starttime="20240212 15:15:33.764" endtime="20240212 15:15:33.764"/>
</iter>
<iter>
<var name="${key}">body</var>
<kw name="Dictionary Should Contain Key" library="Collections">
<arg>${FIRST_LIST}</arg>
<arg>${key}</arg>
<doc>Fails if ``key`` is not found from ``dictionary``.</doc>
<status status="PASS" starttime="20240212 15:15:33.765" endtime="20240212 15:15:33.765"/>
</kw>
<status status="PASS" starttime="20240212 15:15:33.765" endtime="20240212 15:15:33.765"/>
</iter>
<status status="PASS" starttime="20240212 15:15:33.764" endtime="20240212 15:15:33.765"/>
</for>
<status status="PASS" starttime="20240212 15:15:33.763" endtime="20240212 15:15:33.765"/>
</kw>
<kw name="Dictionary Should Contain Item" library="Collections">
<arg>${RESPONSE.json()}</arg>
<arg>title</arg>
<arg>${title}</arg>
<doc>An item of ``key`` / ``value`` must be found in a ``dictionary``.</doc>
<status status="PASS" starttime="20240212 15:15:33.765" endtime="20240212 15:15:33.765"/>
</kw>
<status status="PASS" starttime="20240212 15:15:33.421" endtime="20240212 15:15:33.765"/>
</kw>
<kw name="Encerrar conexão" library="Config" type="TEARDOWN">
<kw name="Log To Console" library="BuiltIn">
<arg>Requisição finalizada</arg>
<doc>Logs the given message to the console.</doc>
<status status="PASS" starttime="20240212 15:15:33.767" endtime="20240212 15:15:33.768"/>
</kw>
<status status="PASS" starttime="20240212 15:15:33.767" endtime="20240212 15:15:33.768"/>
</kw>
<status status="PASS" starttime="20240212 15:15:33.418" endtime="20240212 15:15:33.768"/>
</test>
<test id="s1-t8" name="Apagar postagem" line="36">
<kw name="Criar conexão" library="Config" type="SETUP">
<kw name="Get Enviroment Variables" library="Get_Envs">
<var>${ENVS}</var>
<msg timestamp="20240212 15:15:33.773" level="INFO">${ENVS} = {'BASE_API': 'https://jsonplaceholder.typicode.com/'}</msg>
<status status="PASS" starttime="20240212 15:15:33.770" endtime="20240212 15:15:33.773"/>
</kw>
<kw name="Set Global Variable" library="BuiltIn">
<arg>${ENVS}</arg>
<arg>${ENVS}</arg>
<doc>Makes a variable available globally in all tests and suites.</doc>
<msg timestamp="20240212 15:15:33.773" level="INFO">${ENVS} = {'BASE_API': 'https://jsonplaceholder.typicode.com/'}</msg>
<status status="PASS" starttime="20240212 15:15:33.773" endtime="20240212 15:15:33.773"/>
</kw>
<status status="PASS" starttime="20240212 15:15:33.770" endtime="20240212 15:15:33.773"/>
</kw>
<kw name="Delete post" library="Posts">
<kw name="Call Delete Request" library="Zoomba.APILibrary">
<var>${RESPONSE}</var>
<arg>headers=${headers}</arg>
<arg>endpoint=${ENVS['BASE_API']}</arg>
<arg>fullstring=/posts/${POST_ID}</arg>
<doc>Generate a DELETE Request. This Keyword is basically a wrapper for delete_request from the RequestsLibrary.</doc>
<msg timestamp="20240212 15:15:33.775" level="INFO">Creating Session using : alias=deleteapi, url=https://jsonplaceholder.typicode.com/, headers={'Content-Type': 'application/json', 'charset': 'UTF-8'},                     cookies=None, auth=None, timeout=None, proxies=None, verify=False,                     debug=0 </msg>
<msg timestamp="20240212 15:15:34.162" level="INFO">DELETE Request : url=https://jsonplaceholder.typicode.com/posts/1 
 path_url=/posts/1 
 headers={'User-Agent': 'python-requests/2.31.0', 'Accept-Encoding': 'gzip, deflate', 'Accept': '*/*', 'Connection': 'keep-alive', 'Content-Type': 'application/json', 'charset': 'UTF-8', 'Content-Length': '0'} 
 body=None 
 </msg>
<msg timestamp="20240212 15:15:34.162" level="INFO">DELETE Response : url=https://jsonplaceholder.typicode.com/posts/1 
 status=200, reason=OK 
 headers={'Date': 'Mon, 12 Feb 2024 18:15:33 GMT', 'Content-Type': 'application/json; charset=utf-8', 'Content-Length': '2', 'Connection': 'keep-alive', 'Report-To': '{"group":"heroku-nel","max_age":3600,"endpoints":[{"url":"https://nel.heroku.com/reports?ts=1707761733&amp;sid=e11707d5-02a7-43ef-b45e-2cf4d2036f7d&amp;s=RyIc8EIkdki8FgkyA28CxWcAd7KOfhRXW%2FC5c8VkAgE%3D"}]}', 'Reporting-Endpoints': 'heroku-nel=https://nel.heroku.com/reports?ts=1707761733&amp;sid=e11707d5-02a7-43ef-b45e-2cf4d2036f7d&amp;s=RyIc8EIkdki8FgkyA28CxWcAd7KOfhRXW%2FC5c8VkAgE%3D', 'Nel': '{"report_to":"heroku-nel","max_age":3600,"success_fraction":0.005,"failure_fraction":0.05,"response_headers":["Via"]}', 'X-Powered-By': 'Express', 'X-Ratelimit-Limit': '1000', 'X-Ratelimit-Remaining': '996', 'X-Ratelimit-Reset': '1707761735', 'Vary': 'Origin, Accept-Encoding', 'Access-Control-Allow-Credentials': 'true', 'Cache-Control': 'no-cache', 'Pragma': 'no-cache', 'Expires': '-1', 'X-Content-Type-Options': 'nosniff', 'Etag': 'W/"2-vyGp6PvFo4RvsFtPoIWeCReyIC8"', 'Via': '1.1 vegur', 'CF-Cache-Status': 'DYNAMIC', 'Server': 'cloudflare', 'CF-RAY': '8546d151edcc9ab7-MIA', 'alt-svc': 'h3=":443"; ma=86400'} 
 body={} 
 </msg>
<msg timestamp="20240212 15:15:34.162" level="INFO">C:\Users\yamfo\Documents\Projetos\Robot Framework\robotframework-zomba-api\project-venv\lib\site-packages\urllib3\connectionpool.py:1103: InsecureRequestWarning: Unverified HTTPS request is being made to host 'jsonplaceholder.typicode.com'. Adding certificate verification is strongly advised. See: https://urllib3.readthedocs.io/en/latest/advanced-usage.html#tls-warnings
  warnings.warn(</msg>
<msg timestamp="20240212 15:15:34.164" level="INFO">${RESPONSE} = {'apparent_encoding': 'ascii', 'close': &lt;bound method Response.close of &lt;Response [200]&gt;&gt;, 'connection': &lt;requests.adapters.HTTPAdapter object at 0x000002317FE8BFD0&gt;, 'content': b'{}', 'cookies': {}, ...</msg>
<status status="PASS" starttime="20240212 15:15:33.774" endtime="20240212 15:15:34.164"/>
</kw>
<kw name="Should Be Equal As Strings" library="BuiltIn">
<arg>${RESPONSE.status_code}</arg>
<arg>200</arg>
<doc>Fails if objects are unequal after converting them to strings.</doc>
<msg timestamp="20240212 15:15:34.164" level="INFO">Argument types are:
&lt;class 'int'&gt;
&lt;class 'str'&gt;</msg>
<status status="PASS" starttime="20240212 15:15:34.164" endtime="20240212 15:15:34.164"/>
</kw>
<status status="PASS" starttime="20240212 15:15:33.773" endtime="20240212 15:15:34.164"/>
</kw>
<kw name="Encerrar conexão" library="Config" type="TEARDOWN">
<kw name="Log To Console" library="BuiltIn">
<arg>Requisição finalizada</arg>
<doc>Logs the given message to the console.</doc>
<status status="PASS" starttime="20240212 15:15:34.165" endtime="20240212 15:15:34.166"/>
</kw>
<status status="PASS" starttime="20240212 15:15:34.165" endtime="20240212 15:15:34.166"/>
</kw>
<status status="PASS" starttime="20240212 15:15:33.770" endtime="20240212 15:15:34.167"/>
</test>
<doc>Arquivo dedicado a organização e chamadas dos casos de teste</doc>
<status status="PASS" starttime="20240212 15:15:29.447" endtime="20240212 15:15:34.169"/>
</suite>
<statistics>
<total>
<stat pass="8" fail="0" skip="0">All Tests</stat>
</total>
<tag>
</tag>
<suite>
<stat pass="8" fail="0" skip="0" id="s1" name="Api">Api</stat>
</suite>
</statistics>
<errors>
</errors>
</robot>
